WARNING - 2025-06-25 04:35:52 --> [DEPRECATED] pathinfo(): Passing null to parameter #1 ($path) of type string is deprecated in APPPATH/Views/property_details.php on line 633.
 1 APPPATH/Views/property_details.php(633): pathinfo(null, 4)
 2 SYSTEMPATH/View/View.php(224): include('/var/www/html/banglore_best_property_portal/app/Views/property_details.php')
 3 SYSTEMPATH/View/View.php(227): CodeIgniter\View\View->CodeIgniter\View\{closure}()
 4 SYSTEMPATH/Common.php(1173): CodeIgniter\View\View->render('property_details', [], true)
 5 APPPATH/Views/layout/templates.php(4): view('property_details')
 6 SYSTEMPATH/View/View.php(224): include('/var/www/html/banglore_best_property_portal/app/Views/layout/templates.php')
 7 SYSTEMPATH/View/View.php(227): CodeIgniter\View\View->CodeIgniter\View\{closure}()
 8 SYSTEMPATH/Common.php(1173): CodeIgniter\View\View->render('layout/templates', [], true)
 9 APPPATH/Controllers/MainController.php(330): view('layout/templates', [...])
10 SYSTEMPATH/CodeIgniter.php(933): App\Controllers\MainController->propertyDetails('114')
11 SYSTEMPATH/CodeIgniter.php(507): CodeIgniter\CodeIgniter->runController(Object(App\Controllers\MainController))
12 SYSTEMPATH/CodeIgniter.php(354): CodeIgniter\CodeIgniter->handleRequest(null, Object(Config\Cache), false)
13 SYSTEMPATH/Boot.php(334): CodeIgniter\CodeIgniter->run()
14 SYSTEMPATH/Boot.php(67): CodeIgniter\Boot::runCodeIgniter(Object(CodeIgniter\CodeIgniter))
15 FCPATH/index.php(59): CodeIgniter\Boot::bootWeb(Object(Config\Paths))
16 SYSTEMPATH/rewrite.php(44): require_once('/var/www/html/banglore_best_property_portal/public/index.php')
WARNING - 2025-06-25 04:37:15 --> [DEPRECATED] pathinfo(): Passing null to parameter #1 ($path) of type string is deprecated in APPPATH/Views/property_details.php on line 633.
 1 APPPATH/Views/property_details.php(633): pathinfo(null, 4)
 2 SYSTEMPATH/View/View.php(224): include('/var/www/html/banglore_best_property_portal/app/Views/property_details.php')
 3 SYSTEMPATH/View/View.php(227): CodeIgniter\View\View->CodeIgniter\View\{closure}()
 4 SYSTEMPATH/Common.php(1173): CodeIgniter\View\View->render('property_details', [], true)
 5 APPPATH/Views/layout/templates.php(4): view('property_details')
 6 SYSTEMPATH/View/View.php(224): include('/var/www/html/banglore_best_property_portal/app/Views/layout/templates.php')
 7 SYSTEMPATH/View/View.php(227): CodeIgniter\View\View->CodeIgniter\View\{closure}()
 8 SYSTEMPATH/Common.php(1173): CodeIgniter\View\View->render('layout/templates', [], true)
 9 APPPATH/Controllers/MainController.php(330): view('layout/templates', [...])
10 SYSTEMPATH/CodeIgniter.php(933): App\Controllers\MainController->propertyDetails('114')
11 SYSTEMPATH/CodeIgniter.php(507): CodeIgniter\CodeIgniter->runController(Object(App\Controllers\MainController))
12 SYSTEMPATH/CodeIgniter.php(354): CodeIgniter\CodeIgniter->handleRequest(null, Object(Config\Cache), false)
13 SYSTEMPATH/Boot.php(334): CodeIgniter\CodeIgniter->run()
14 SYSTEMPATH/Boot.php(67): CodeIgniter\Boot::runCodeIgniter(Object(CodeIgniter\CodeIgniter))
15 FCPATH/index.php(59): CodeIgniter\Boot::bootWeb(Object(Config\Paths))
16 SYSTEMPATH/rewrite.php(44): require_once('/var/www/html/banglore_best_property_portal/public/index.php')
WARNING - 2025-06-25 04:37:27 --> [DEPRECATED] pathinfo(): Passing null to parameter #1 ($path) of type string is deprecated in APPPATH/Views/property_details.php on line 633.
 1 APPPATH/Views/property_details.php(633): pathinfo(null, 4)
 2 SYSTEMPATH/View/View.php(224): include('/var/www/html/banglore_best_property_portal/app/Views/property_details.php')
 3 SYSTEMPATH/View/View.php(227): CodeIgniter\View\View->CodeIgniter\View\{closure}()
 4 SYSTEMPATH/Common.php(1173): CodeIgniter\View\View->render('property_details', [], true)
 5 APPPATH/Views/layout/templates.php(4): view('property_details')
 6 SYSTEMPATH/View/View.php(224): include('/var/www/html/banglore_best_property_portal/app/Views/layout/templates.php')
 7 SYSTEMPATH/View/View.php(227): CodeIgniter\View\View->CodeIgniter\View\{closure}()
 8 SYSTEMPATH/Common.php(1173): CodeIgniter\View\View->render('layout/templates', [], true)
 9 APPPATH/Controllers/MainController.php(330): view('layout/templates', [...])
10 SYSTEMPATH/CodeIgniter.php(933): App\Controllers\MainController->propertyDetails('114')
11 SYSTEMPATH/CodeIgniter.php(507): CodeIgniter\CodeIgniter->runController(Object(App\Controllers\MainController))
12 SYSTEMPATH/CodeIgniter.php(354): CodeIgniter\CodeIgniter->handleRequest(null, Object(Config\Cache), false)
13 SYSTEMPATH/Boot.php(334): CodeIgniter\CodeIgniter->run()
14 SYSTEMPATH/Boot.php(67): CodeIgniter\Boot::runCodeIgniter(Object(CodeIgniter\CodeIgniter))
15 FCPATH/index.php(59): CodeIgniter\Boot::bootWeb(Object(Config\Paths))
16 SYSTEMPATH/rewrite.php(44): require_once('/var/www/html/banglore_best_property_portal/public/index.php')
WARNING - 2025-06-25 04:37:43 --> [DEPRECATED] pathinfo(): Passing null to parameter #1 ($path) of type string is deprecated in APPPATH/Views/property_details.php on line 633.
 1 APPPATH/Views/property_details.php(633): pathinfo(null, 4)
 2 SYSTEMPATH/View/View.php(224): include('/var/www/html/banglore_best_property_portal/app/Views/property_details.php')
 3 SYSTEMPATH/View/View.php(227): CodeIgniter\View\View->CodeIgniter\View\{closure}()
 4 SYSTEMPATH/Common.php(1173): CodeIgniter\View\View->render('property_details', [], true)
 5 APPPATH/Views/layout/templates.php(4): view('property_details')
 6 SYSTEMPATH/View/View.php(224): include('/var/www/html/banglore_best_property_portal/app/Views/layout/templates.php')
 7 SYSTEMPATH/View/View.php(227): CodeIgniter\View\View->CodeIgniter\View\{closure}()
 8 SYSTEMPATH/Common.php(1173): CodeIgniter\View\View->render('layout/templates', [], true)
 9 APPPATH/Controllers/MainController.php(330): view('layout/templates', [...])
10 SYSTEMPATH/CodeIgniter.php(933): App\Controllers\MainController->propertyDetails('114')
11 SYSTEMPATH/CodeIgniter.php(507): CodeIgniter\CodeIgniter->runController(Object(App\Controllers\MainController))
12 SYSTEMPATH/CodeIgniter.php(354): CodeIgniter\CodeIgniter->handleRequest(null, Object(Config\Cache), false)
13 SYSTEMPATH/Boot.php(334): CodeIgniter\CodeIgniter->run()
14 SYSTEMPATH/Boot.php(67): CodeIgniter\Boot::runCodeIgniter(Object(CodeIgniter\CodeIgniter))
15 FCPATH/index.php(59): CodeIgniter\Boot::bootWeb(Object(Config\Paths))
16 SYSTEMPATH/rewrite.php(44): require_once('/var/www/html/banglore_best_property_portal/public/index.php')
WARNING - 2025-06-25 04:38:57 --> [DEPRECATED] pathinfo(): Passing null to parameter #1 ($path) of type string is deprecated in APPPATH/Views/property_details.php on line 631.
 1 APPPATH/Views/property_details.php(631): pathinfo(null, 4)
 2 SYSTEMPATH/View/View.php(224): include('/var/www/html/banglore_best_property_portal/app/Views/property_details.php')
 3 SYSTEMPATH/View/View.php(227): CodeIgniter\View\View->CodeIgniter\View\{closure}()
 4 SYSTEMPATH/Common.php(1173): CodeIgniter\View\View->render('property_details', [], true)
 5 APPPATH/Views/layout/templates.php(4): view('property_details')
 6 SYSTEMPATH/View/View.php(224): include('/var/www/html/banglore_best_property_portal/app/Views/layout/templates.php')
 7 SYSTEMPATH/View/View.php(227): CodeIgniter\View\View->CodeIgniter\View\{closure}()
 8 SYSTEMPATH/Common.php(1173): CodeIgniter\View\View->render('layout/templates', [], true)
 9 APPPATH/Controllers/MainController.php(330): view('layout/templates', [...])
10 SYSTEMPATH/CodeIgniter.php(933): App\Controllers\MainController->propertyDetails('114')
11 SYSTEMPATH/CodeIgniter.php(507): CodeIgniter\CodeIgniter->runController(Object(App\Controllers\MainController))
12 SYSTEMPATH/CodeIgniter.php(354): CodeIgniter\CodeIgniter->handleRequest(null, Object(Config\Cache), false)
13 SYSTEMPATH/Boot.php(334): CodeIgniter\CodeIgniter->run()
14 SYSTEMPATH/Boot.php(67): CodeIgniter\Boot::runCodeIgniter(Object(CodeIgniter\CodeIgniter))
15 FCPATH/index.php(59): CodeIgniter\Boot::bootWeb(Object(Config\Paths))
16 SYSTEMPATH/rewrite.php(44): require_once('/var/www/html/banglore_best_property_portal/public/index.php')
WARNING - 2025-06-25 04:39:10 --> [DEPRECATED] pathinfo(): Passing null to parameter #1 ($path) of type string is deprecated in APPPATH/Views/property_details.php on line 631.
 1 APPPATH/Views/property_details.php(631): pathinfo(null, 4)
 2 SYSTEMPATH/View/View.php(224): include('/var/www/html/banglore_best_property_portal/app/Views/property_details.php')
 3 SYSTEMPATH/View/View.php(227): CodeIgniter\View\View->CodeIgniter\View\{closure}()
 4 SYSTEMPATH/Common.php(1173): CodeIgniter\View\View->render('property_details', [], true)
 5 APPPATH/Views/layout/templates.php(4): view('property_details')
 6 SYSTEMPATH/View/View.php(224): include('/var/www/html/banglore_best_property_portal/app/Views/layout/templates.php')
 7 SYSTEMPATH/View/View.php(227): CodeIgniter\View\View->CodeIgniter\View\{closure}()
 8 SYSTEMPATH/Common.php(1173): CodeIgniter\View\View->render('layout/templates', [], true)
 9 APPPATH/Controllers/MainController.php(330): view('layout/templates', [...])
10 SYSTEMPATH/CodeIgniter.php(933): App\Controllers\MainController->propertyDetails('114')
11 SYSTEMPATH/CodeIgniter.php(507): CodeIgniter\CodeIgniter->runController(Object(App\Controllers\MainController))
12 SYSTEMPATH/CodeIgniter.php(354): CodeIgniter\CodeIgniter->handleRequest(null, Object(Config\Cache), false)
13 SYSTEMPATH/Boot.php(334): CodeIgniter\CodeIgniter->run()
14 SYSTEMPATH/Boot.php(67): CodeIgniter\Boot::runCodeIgniter(Object(CodeIgniter\CodeIgniter))
15 FCPATH/index.php(59): CodeIgniter\Boot::bootWeb(Object(Config\Paths))
16 SYSTEMPATH/rewrite.php(44): require_once('/var/www/html/banglore_best_property_portal/public/index.php')
WARNING - 2025-06-25 04:39:21 --> [DEPRECATED] pathinfo(): Passing null to parameter #1 ($path) of type string is deprecated in APPPATH/Views/property_details.php on line 631.
 1 APPPATH/Views/property_details.php(631): pathinfo(null, 4)
 2 SYSTEMPATH/View/View.php(224): include('/var/www/html/banglore_best_property_portal/app/Views/property_details.php')
 3 SYSTEMPATH/View/View.php(227): CodeIgniter\View\View->CodeIgniter\View\{closure}()
 4 SYSTEMPATH/Common.php(1173): CodeIgniter\View\View->render('property_details', [], true)
 5 APPPATH/Views/layout/templates.php(4): view('property_details')
 6 SYSTEMPATH/View/View.php(224): include('/var/www/html/banglore_best_property_portal/app/Views/layout/templates.php')
 7 SYSTEMPATH/View/View.php(227): CodeIgniter\View\View->CodeIgniter\View\{closure}()
 8 SYSTEMPATH/Common.php(1173): CodeIgniter\View\View->render('layout/templates', [], true)
 9 APPPATH/Controllers/MainController.php(330): view('layout/templates', [...])
10 SYSTEMPATH/CodeIgniter.php(933): App\Controllers\MainController->propertyDetails('114')
11 SYSTEMPATH/CodeIgniter.php(507): CodeIgniter\CodeIgniter->runController(Object(App\Controllers\MainController))
12 SYSTEMPATH/CodeIgniter.php(354): CodeIgniter\CodeIgniter->handleRequest(null, Object(Config\Cache), false)
13 SYSTEMPATH/Boot.php(334): CodeIgniter\CodeIgniter->run()
14 SYSTEMPATH/Boot.php(67): CodeIgniter\Boot::runCodeIgniter(Object(CodeIgniter\CodeIgniter))
15 FCPATH/index.php(59): CodeIgniter\Boot::bootWeb(Object(Config\Paths))
16 SYSTEMPATH/rewrite.php(44): require_once('/var/www/html/banglore_best_property_portal/public/index.php')
WARNING - 2025-06-25 04:39:43 --> [DEPRECATED] pathinfo(): Passing null to parameter #1 ($path) of type string is deprecated in APPPATH/Views/property_details.php on line 627.
 1 APPPATH/Views/property_details.php(627): pathinfo(null, 4)
 2 SYSTEMPATH/View/View.php(224): include('/var/www/html/banglore_best_property_portal/app/Views/property_details.php')
 3 SYSTEMPATH/View/View.php(227): CodeIgniter\View\View->CodeIgniter\View\{closure}()
 4 SYSTEMPATH/Common.php(1173): CodeIgniter\View\View->render('property_details', [], true)
 5 APPPATH/Views/layout/templates.php(4): view('property_details')
 6 SYSTEMPATH/View/View.php(224): include('/var/www/html/banglore_best_property_portal/app/Views/layout/templates.php')
 7 SYSTEMPATH/View/View.php(227): CodeIgniter\View\View->CodeIgniter\View\{closure}()
 8 SYSTEMPATH/Common.php(1173): CodeIgniter\View\View->render('layout/templates', [], true)
 9 APPPATH/Controllers/MainController.php(330): view('layout/templates', [...])
10 SYSTEMPATH/CodeIgniter.php(933): App\Controllers\MainController->propertyDetails('114')
11 SYSTEMPATH/CodeIgniter.php(507): CodeIgniter\CodeIgniter->runController(Object(App\Controllers\MainController))
12 SYSTEMPATH/CodeIgniter.php(354): CodeIgniter\CodeIgniter->handleRequest(null, Object(Config\Cache), false)
13 SYSTEMPATH/Boot.php(334): CodeIgniter\CodeIgniter->run()
14 SYSTEMPATH/Boot.php(67): CodeIgniter\Boot::runCodeIgniter(Object(CodeIgniter\CodeIgniter))
15 FCPATH/index.php(59): CodeIgniter\Boot::bootWeb(Object(Config\Paths))
16 SYSTEMPATH/rewrite.php(44): require_once('/var/www/html/banglore_best_property_portal/public/index.php')
WARNING - 2025-06-25 04:40:01 --> [DEPRECATED] pathinfo(): Passing null to parameter #1 ($path) of type string is deprecated in APPPATH/Views/property_details.php on line 627.
 1 APPPATH/Views/property_details.php(627): pathinfo(null, 4)
 2 SYSTEMPATH/View/View.php(224): include('/var/www/html/banglore_best_property_portal/app/Views/property_details.php')
 3 SYSTEMPATH/View/View.php(227): CodeIgniter\View\View->CodeIgniter\View\{closure}()
 4 SYSTEMPATH/Common.php(1173): CodeIgniter\View\View->render('property_details', [], true)
 5 APPPATH/Views/layout/templates.php(4): view('property_details')
 6 SYSTEMPATH/View/View.php(224): include('/var/www/html/banglore_best_property_portal/app/Views/layout/templates.php')
 7 SYSTEMPATH/View/View.php(227): CodeIgniter\View\View->CodeIgniter\View\{closure}()
 8 SYSTEMPATH/Common.php(1173): CodeIgniter\View\View->render('layout/templates', [], true)
 9 APPPATH/Controllers/MainController.php(330): view('layout/templates', [...])
10 SYSTEMPATH/CodeIgniter.php(933): App\Controllers\MainController->propertyDetails('114')
11 SYSTEMPATH/CodeIgniter.php(507): CodeIgniter\CodeIgniter->runController(Object(App\Controllers\MainController))
12 SYSTEMPATH/CodeIgniter.php(354): CodeIgniter\CodeIgniter->handleRequest(null, Object(Config\Cache), false)
13 SYSTEMPATH/Boot.php(334): CodeIgniter\CodeIgniter->run()
14 SYSTEMPATH/Boot.php(67): CodeIgniter\Boot::runCodeIgniter(Object(CodeIgniter\CodeIgniter))
15 FCPATH/index.php(59): CodeIgniter\Boot::bootWeb(Object(Config\Paths))
16 SYSTEMPATH/rewrite.php(44): require_once('/var/www/html/banglore_best_property_portal/public/index.php')
WARNING - 2025-06-25 04:40:35 --> [DEPRECATED] pathinfo(): Passing null to parameter #1 ($path) of type string is deprecated in APPPATH/Views/property_details.php on line 612.
 1 APPPATH/Views/property_details.php(612): pathinfo(null, 4)
 2 SYSTEMPATH/View/View.php(224): include('/var/www/html/banglore_best_property_portal/app/Views/property_details.php')
 3 SYSTEMPATH/View/View.php(227): CodeIgniter\View\View->CodeIgniter\View\{closure}()
 4 SYSTEMPATH/Common.php(1173): CodeIgniter\View\View->render('property_details', [], true)
 5 APPPATH/Views/layout/templates.php(4): view('property_details')
 6 SYSTEMPATH/View/View.php(224): include('/var/www/html/banglore_best_property_portal/app/Views/layout/templates.php')
 7 SYSTEMPATH/View/View.php(227): CodeIgniter\View\View->CodeIgniter\View\{closure}()
 8 SYSTEMPATH/Common.php(1173): CodeIgniter\View\View->render('layout/templates', [], true)
 9 APPPATH/Controllers/MainController.php(330): view('layout/templates', [...])
10 SYSTEMPATH/CodeIgniter.php(933): App\Controllers\MainController->propertyDetails('114')
11 SYSTEMPATH/CodeIgniter.php(507): CodeIgniter\CodeIgniter->runController(Object(App\Controllers\MainController))
12 SYSTEMPATH/CodeIgniter.php(354): CodeIgniter\CodeIgniter->handleRequest(null, Object(Config\Cache), false)
13 SYSTEMPATH/Boot.php(334): CodeIgniter\CodeIgniter->run()
14 SYSTEMPATH/Boot.php(67): CodeIgniter\Boot::runCodeIgniter(Object(CodeIgniter\CodeIgniter))
15 FCPATH/index.php(59): CodeIgniter\Boot::bootWeb(Object(Config\Paths))
16 SYSTEMPATH/rewrite.php(44): require_once('/var/www/html/banglore_best_property_portal/public/index.php')
WARNING - 2025-06-25 04:40:53 --> [DEPRECATED] pathinfo(): Passing null to parameter #1 ($path) of type string is deprecated in APPPATH/Views/property_details.php on line 612.
 1 APPPATH/Views/property_details.php(612): pathinfo(null, 4)
 2 SYSTEMPATH/View/View.php(224): include('/var/www/html/banglore_best_property_portal/app/Views/property_details.php')
 3 SYSTEMPATH/View/View.php(227): CodeIgniter\View\View->CodeIgniter\View\{closure}()
 4 SYSTEMPATH/Common.php(1173): CodeIgniter\View\View->render('property_details', [], true)
 5 APPPATH/Views/layout/templates.php(4): view('property_details')
 6 SYSTEMPATH/View/View.php(224): include('/var/www/html/banglore_best_property_portal/app/Views/layout/templates.php')
 7 SYSTEMPATH/View/View.php(227): CodeIgniter\View\View->CodeIgniter\View\{closure}()
 8 SYSTEMPATH/Common.php(1173): CodeIgniter\View\View->render('layout/templates', [], true)
 9 APPPATH/Controllers/MainController.php(330): view('layout/templates', [...])
10 SYSTEMPATH/CodeIgniter.php(933): App\Controllers\MainController->propertyDetails('114')
11 SYSTEMPATH/CodeIgniter.php(507): CodeIgniter\CodeIgniter->runController(Object(App\Controllers\MainController))
12 SYSTEMPATH/CodeIgniter.php(354): CodeIgniter\CodeIgniter->handleRequest(null, Object(Config\Cache), false)
13 SYSTEMPATH/Boot.php(334): CodeIgniter\CodeIgniter->run()
14 SYSTEMPATH/Boot.php(67): CodeIgniter\Boot::runCodeIgniter(Object(CodeIgniter\CodeIgniter))
15 FCPATH/index.php(59): CodeIgniter\Boot::bootWeb(Object(Config\Paths))
16 SYSTEMPATH/rewrite.php(44): require_once('/var/www/html/banglore_best_property_portal/public/index.php')
WARNING - 2025-06-25 04:42:12 --> [DEPRECATED] pathinfo(): Passing null to parameter #1 ($path) of type string is deprecated in APPPATH/Views/property_details.php on line 612.
 1 APPPATH/Views/property_details.php(612): pathinfo(null, 4)
 2 SYSTEMPATH/View/View.php(224): include('/var/www/html/banglore_best_property_portal/app/Views/property_details.php')
 3 SYSTEMPATH/View/View.php(227): CodeIgniter\View\View->CodeIgniter\View\{closure}()
 4 SYSTEMPATH/Common.php(1173): CodeIgniter\View\View->render('property_details', [], true)
 5 APPPATH/Views/layout/templates.php(4): view('property_details')
 6 SYSTEMPATH/View/View.php(224): include('/var/www/html/banglore_best_property_portal/app/Views/layout/templates.php')
 7 SYSTEMPATH/View/View.php(227): CodeIgniter\View\View->CodeIgniter\View\{closure}()
 8 SYSTEMPATH/Common.php(1173): CodeIgniter\View\View->render('layout/templates', [], true)
 9 APPPATH/Controllers/MainController.php(330): view('layout/templates', [...])
10 SYSTEMPATH/CodeIgniter.php(933): App\Controllers\MainController->propertyDetails('114')
11 SYSTEMPATH/CodeIgniter.php(507): CodeIgniter\CodeIgniter->runController(Object(App\Controllers\MainController))
12 SYSTEMPATH/CodeIgniter.php(354): CodeIgniter\CodeIgniter->handleRequest(null, Object(Config\Cache), false)
13 SYSTEMPATH/Boot.php(334): CodeIgniter\CodeIgniter->run()
14 SYSTEMPATH/Boot.php(67): CodeIgniter\Boot::runCodeIgniter(Object(CodeIgniter\CodeIgniter))
15 FCPATH/index.php(59): CodeIgniter\Boot::bootWeb(Object(Config\Paths))
16 SYSTEMPATH/rewrite.php(44): require_once('/var/www/html/banglore_best_property_portal/public/index.php')
WARNING - 2025-06-25 04:43:11 --> [DEPRECATED] pathinfo(): Passing null to parameter #1 ($path) of type string is deprecated in APPPATH/Views/property_details.php on line 613.
 1 APPPATH/Views/property_details.php(613): pathinfo(null, 4)
 2 SYSTEMPATH/View/View.php(224): include('/var/www/html/banglore_best_property_portal/app/Views/property_details.php')
 3 SYSTEMPATH/View/View.php(227): CodeIgniter\View\View->CodeIgniter\View\{closure}()
 4 SYSTEMPATH/Common.php(1173): CodeIgniter\View\View->render('property_details', [], true)
 5 APPPATH/Views/layout/templates.php(4): view('property_details')
 6 SYSTEMPATH/View/View.php(224): include('/var/www/html/banglore_best_property_portal/app/Views/layout/templates.php')
 7 SYSTEMPATH/View/View.php(227): CodeIgniter\View\View->CodeIgniter\View\{closure}()
 8 SYSTEMPATH/Common.php(1173): CodeIgniter\View\View->render('layout/templates', [], true)
 9 APPPATH/Controllers/MainController.php(330): view('layout/templates', [...])
10 SYSTEMPATH/CodeIgniter.php(933): App\Controllers\MainController->propertyDetails('114')
11 SYSTEMPATH/CodeIgniter.php(507): CodeIgniter\CodeIgniter->runController(Object(App\Controllers\MainController))
12 SYSTEMPATH/CodeIgniter.php(354): CodeIgniter\CodeIgniter->handleRequest(null, Object(Config\Cache), false)
13 SYSTEMPATH/Boot.php(334): CodeIgniter\CodeIgniter->run()
14 SYSTEMPATH/Boot.php(67): CodeIgniter\Boot::runCodeIgniter(Object(CodeIgniter\CodeIgniter))
15 FCPATH/index.php(59): CodeIgniter\Boot::bootWeb(Object(Config\Paths))
16 SYSTEMPATH/rewrite.php(44): require_once('/var/www/html/banglore_best_property_portal/public/index.php')
WARNING - 2025-06-25 04:46:52 --> [DEPRECATED] pathinfo(): Passing null to parameter #1 ($path) of type string is deprecated in APPPATH/Views/property_details.php on line 608.
 1 APPPATH/Views/property_details.php(608): pathinfo(null, 4)
 2 SYSTEMPATH/View/View.php(224): include('/var/www/html/banglore_best_property_portal/app/Views/property_details.php')
 3 SYSTEMPATH/View/View.php(227): CodeIgniter\View\View->CodeIgniter\View\{closure}()
 4 SYSTEMPATH/Common.php(1173): CodeIgniter\View\View->render('property_details', [], true)
 5 APPPATH/Views/layout/templates.php(4): view('property_details')
 6 SYSTEMPATH/View/View.php(224): include('/var/www/html/banglore_best_property_portal/app/Views/layout/templates.php')
 7 SYSTEMPATH/View/View.php(227): CodeIgniter\View\View->CodeIgniter\View\{closure}()
 8 SYSTEMPATH/Common.php(1173): CodeIgniter\View\View->render('layout/templates', [], true)
 9 APPPATH/Controllers/MainController.php(330): view('layout/templates', [...])
10 SYSTEMPATH/CodeIgniter.php(933): App\Controllers\MainController->propertyDetails('114')
11 SYSTEMPATH/CodeIgniter.php(507): CodeIgniter\CodeIgniter->runController(Object(App\Controllers\MainController))
12 SYSTEMPATH/CodeIgniter.php(354): CodeIgniter\CodeIgniter->handleRequest(null, Object(Config\Cache), false)
13 SYSTEMPATH/Boot.php(334): CodeIgniter\CodeIgniter->run()
14 SYSTEMPATH/Boot.php(67): CodeIgniter\Boot::runCodeIgniter(Object(CodeIgniter\CodeIgniter))
15 FCPATH/index.php(59): CodeIgniter\Boot::bootWeb(Object(Config\Paths))
16 SYSTEMPATH/rewrite.php(44): require_once('/var/www/html/banglore_best_property_portal/public/index.php')
WARNING - 2025-06-25 04:46:55 --> [DEPRECATED] pathinfo(): Passing null to parameter #1 ($path) of type string is deprecated in APPPATH/Views/property_details.php on line 608.
 1 APPPATH/Views/property_details.php(608): pathinfo(null, 4)
 2 SYSTEMPATH/View/View.php(224): include('/var/www/html/banglore_best_property_portal/app/Views/property_details.php')
 3 SYSTEMPATH/View/View.php(227): CodeIgniter\View\View->CodeIgniter\View\{closure}()
 4 SYSTEMPATH/Common.php(1173): CodeIgniter\View\View->render('property_details', [], true)
 5 APPPATH/Views/layout/templates.php(4): view('property_details')
 6 SYSTEMPATH/View/View.php(224): include('/var/www/html/banglore_best_property_portal/app/Views/layout/templates.php')
 7 SYSTEMPATH/View/View.php(227): CodeIgniter\View\View->CodeIgniter\View\{closure}()
 8 SYSTEMPATH/Common.php(1173): CodeIgniter\View\View->render('layout/templates', [], true)
 9 APPPATH/Controllers/MainController.php(330): view('layout/templates', [...])
10 SYSTEMPATH/CodeIgniter.php(933): App\Controllers\MainController->propertyDetails('114')
11 SYSTEMPATH/CodeIgniter.php(507): CodeIgniter\CodeIgniter->runController(Object(App\Controllers\MainController))
12 SYSTEMPATH/CodeIgniter.php(354): CodeIgniter\CodeIgniter->handleRequest(null, Object(Config\Cache), false)
13 SYSTEMPATH/Boot.php(334): CodeIgniter\CodeIgniter->run()
14 SYSTEMPATH/Boot.php(67): CodeIgniter\Boot::runCodeIgniter(Object(CodeIgniter\CodeIgniter))
15 FCPATH/index.php(59): CodeIgniter\Boot::bootWeb(Object(Config\Paths))
16 SYSTEMPATH/rewrite.php(44): require_once('/var/www/html/banglore_best_property_portal/public/index.php')
DEBUG - 2025-06-25 05:04:44 --> Session: Class initialized using 'CodeIgniter\Session\Handlers\FileHandler' driver.
DEBUG - 2025-06-25 05:04:48 --> Session: Class initialized using 'CodeIgniter\Session\Handlers\FileHandler' driver.
DEBUG - 2025-06-25 05:05:42 --> Session: Class initialized using 'CodeIgniter\Session\Handlers\FileHandler' driver.
DEBUG - 2025-06-25 05:05:44 --> Session: Class initialized using 'CodeIgniter\Session\Handlers\FileHandler' driver.
DEBUG - 2025-06-25 05:08:16 --> Session: Class initialized using 'CodeIgniter\Session\Handlers\FileHandler' driver.
DEBUG - 2025-06-25 05:08:16 --> Session: Class initialized using 'CodeIgniter\Session\Handlers\FileHandler' driver.
