WARNING - 2025-07-04 09:40:37 --> [DEPRECATED] pathinfo(): Passing null to parameter #1 ($path) of type string is deprecated in APPPATH/Views/property_details.php on line 672.
 1 APPPATH/Views/property_details.php(672): pathinfo(null, 4)
 2 SYSTEMPATH/View/View.php(224): include('/var/www/html/banglore_best_property_portal/app/Views/property_details.php')
 3 SYSTEMPATH/View/View.php(227): CodeIgniter\View\View->CodeIgniter\View\{closure}()
 4 SYSTEMPATH/Common.php(1173): CodeIgniter\View\View->render('property_details', [], true)
 5 APPPATH/Views/layout/templates.php(4): view('property_details')
 6 SYSTEMPATH/View/View.php(224): include('/var/www/html/banglore_best_property_portal/app/Views/layout/templates.php')
 7 SYSTEMPATH/View/View.php(227): CodeIgniter\View\View->CodeIgniter\View\{closure}()
 8 SYSTEMPATH/Common.php(1173): CodeIgniter\View\View->render('layout/templates', [], true)
 9 APPPATH/Controllers/MainController.php(330): view('layout/templates', [...])
10 SYSTEMPATH/CodeIgniter.php(933): App\Controllers\MainController->propertyDetails('118')
11 SYSTEMPATH/CodeIgniter.php(507): CodeIgniter\CodeIgniter->runController(Object(App\Controllers\MainController))
12 SYSTEMPATH/CodeIgniter.php(354): CodeIgniter\CodeIgniter->handleRequest(null, Object(Config\Cache), false)
13 SYSTEMPATH/Boot.php(334): CodeIgniter\CodeIgniter->run()
14 SYSTEMPATH/Boot.php(67): CodeIgniter\Boot::runCodeIgniter(Object(CodeIgniter\CodeIgniter))
15 FCPATH/index.php(59): CodeIgniter\Boot::bootWeb(Object(Config\Paths))
16 SYSTEMPATH/rewrite.php(44): require_once('/var/www/html/banglore_best_property_portal/public/index.php')
WARNING - 2025-07-04 09:40:37 --> [DEPRECATED] pathinfo(): Passing null to parameter #1 ($path) of type string is deprecated in APPPATH/Views/property_details.php on line 672.
 1 APPPATH/Views/property_details.php(672): pathinfo(null, 4)
 2 SYSTEMPATH/View/View.php(224): include('/var/www/html/banglore_best_property_portal/app/Views/property_details.php')
 3 SYSTEMPATH/View/View.php(227): CodeIgniter\View\View->CodeIgniter\View\{closure}()
 4 SYSTEMPATH/Common.php(1173): CodeIgniter\View\View->render('property_details', [], true)
 5 APPPATH/Views/layout/templates.php(4): view('property_details')
 6 SYSTEMPATH/View/View.php(224): include('/var/www/html/banglore_best_property_portal/app/Views/layout/templates.php')
 7 SYSTEMPATH/View/View.php(227): CodeIgniter\View\View->CodeIgniter\View\{closure}()
 8 SYSTEMPATH/Common.php(1173): CodeIgniter\View\View->render('layout/templates', [], true)
 9 APPPATH/Controllers/MainController.php(330): view('layout/templates', [...])
10 SYSTEMPATH/CodeIgniter.php(933): App\Controllers\MainController->propertyDetails('118')
11 SYSTEMPATH/CodeIgniter.php(507): CodeIgniter\CodeIgniter->runController(Object(App\Controllers\MainController))
12 SYSTEMPATH/CodeIgniter.php(354): CodeIgniter\CodeIgniter->handleRequest(null, Object(Config\Cache), false)
13 SYSTEMPATH/Boot.php(334): CodeIgniter\CodeIgniter->run()
14 SYSTEMPATH/Boot.php(67): CodeIgniter\Boot::runCodeIgniter(Object(CodeIgniter\CodeIgniter))
15 FCPATH/index.php(59): CodeIgniter\Boot::bootWeb(Object(Config\Paths))
16 SYSTEMPATH/rewrite.php(44): require_once('/var/www/html/banglore_best_property_portal/public/index.php')
WARNING - 2025-07-04 09:40:37 --> [DEPRECATED] pathinfo(): Passing null to parameter #1 ($path) of type string is deprecated in APPPATH/Views/property_details.php on line 672.
 1 APPPATH/Views/property_details.php(672): pathinfo(null, 4)
 2 SYSTEMPATH/View/View.php(224): include('/var/www/html/banglore_best_property_portal/app/Views/property_details.php')
 3 SYSTEMPATH/View/View.php(227): CodeIgniter\View\View->CodeIgniter\View\{closure}()
 4 SYSTEMPATH/Common.php(1173): CodeIgniter\View\View->render('property_details', [], true)
 5 APPPATH/Views/layout/templates.php(4): view('property_details')
 6 SYSTEMPATH/View/View.php(224): include('/var/www/html/banglore_best_property_portal/app/Views/layout/templates.php')
 7 SYSTEMPATH/View/View.php(227): CodeIgniter\View\View->CodeIgniter\View\{closure}()
 8 SYSTEMPATH/Common.php(1173): CodeIgniter\View\View->render('layout/templates', [], true)
 9 APPPATH/Controllers/MainController.php(330): view('layout/templates', [...])
10 SYSTEMPATH/CodeIgniter.php(933): App\Controllers\MainController->propertyDetails('118')
11 SYSTEMPATH/CodeIgniter.php(507): CodeIgniter\CodeIgniter->runController(Object(App\Controllers\MainController))
12 SYSTEMPATH/CodeIgniter.php(354): CodeIgniter\CodeIgniter->handleRequest(null, Object(Config\Cache), false)
13 SYSTEMPATH/Boot.php(334): CodeIgniter\CodeIgniter->run()
14 SYSTEMPATH/Boot.php(67): CodeIgniter\Boot::runCodeIgniter(Object(CodeIgniter\CodeIgniter))
15 FCPATH/index.php(59): CodeIgniter\Boot::bootWeb(Object(Config\Paths))
16 SYSTEMPATH/rewrite.php(44): require_once('/var/www/html/banglore_best_property_portal/public/index.php')
WARNING - 2025-07-04 09:40:37 --> [DEPRECATED] pathinfo(): Passing null to parameter #1 ($path) of type string is deprecated in APPPATH/Views/property_details.php on line 672.
 1 APPPATH/Views/property_details.php(672): pathinfo(null, 4)
 2 SYSTEMPATH/View/View.php(224): include('/var/www/html/banglore_best_property_portal/app/Views/property_details.php')
 3 SYSTEMPATH/View/View.php(227): CodeIgniter\View\View->CodeIgniter\View\{closure}()
 4 SYSTEMPATH/Common.php(1173): CodeIgniter\View\View->render('property_details', [], true)
 5 APPPATH/Views/layout/templates.php(4): view('property_details')
 6 SYSTEMPATH/View/View.php(224): include('/var/www/html/banglore_best_property_portal/app/Views/layout/templates.php')
 7 SYSTEMPATH/View/View.php(227): CodeIgniter\View\View->CodeIgniter\View\{closure}()
 8 SYSTEMPATH/Common.php(1173): CodeIgniter\View\View->render('layout/templates', [], true)
 9 APPPATH/Controllers/MainController.php(330): view('layout/templates', [...])
10 SYSTEMPATH/CodeIgniter.php(933): App\Controllers\MainController->propertyDetails('118')
11 SYSTEMPATH/CodeIgniter.php(507): CodeIgniter\CodeIgniter->runController(Object(App\Controllers\MainController))
12 SYSTEMPATH/CodeIgniter.php(354): CodeIgniter\CodeIgniter->handleRequest(null, Object(Config\Cache), false)
13 SYSTEMPATH/Boot.php(334): CodeIgniter\CodeIgniter->run()
14 SYSTEMPATH/Boot.php(67): CodeIgniter\Boot::runCodeIgniter(Object(CodeIgniter\CodeIgniter))
15 FCPATH/index.php(59): CodeIgniter\Boot::bootWeb(Object(Config\Paths))
16 SYSTEMPATH/rewrite.php(44): require_once('/var/www/html/banglore_best_property_portal/public/index.php')
WARNING - 2025-07-04 09:40:37 --> [DEPRECATED] pathinfo(): Passing null to parameter #1 ($path) of type string is deprecated in APPPATH/Views/property_details.php on line 672.
 1 APPPATH/Views/property_details.php(672): pathinfo(null, 4)
 2 SYSTEMPATH/View/View.php(224): include('/var/www/html/banglore_best_property_portal/app/Views/property_details.php')
 3 SYSTEMPATH/View/View.php(227): CodeIgniter\View\View->CodeIgniter\View\{closure}()
 4 SYSTEMPATH/Common.php(1173): CodeIgniter\View\View->render('property_details', [], true)
 5 APPPATH/Views/layout/templates.php(4): view('property_details')
 6 SYSTEMPATH/View/View.php(224): include('/var/www/html/banglore_best_property_portal/app/Views/layout/templates.php')
 7 SYSTEMPATH/View/View.php(227): CodeIgniter\View\View->CodeIgniter\View\{closure}()
 8 SYSTEMPATH/Common.php(1173): CodeIgniter\View\View->render('layout/templates', [], true)
 9 APPPATH/Controllers/MainController.php(330): view('layout/templates', [...])
10 SYSTEMPATH/CodeIgniter.php(933): App\Controllers\MainController->propertyDetails('118')
11 SYSTEMPATH/CodeIgniter.php(507): CodeIgniter\CodeIgniter->runController(Object(App\Controllers\MainController))
12 SYSTEMPATH/CodeIgniter.php(354): CodeIgniter\CodeIgniter->handleRequest(null, Object(Config\Cache), false)
13 SYSTEMPATH/Boot.php(334): CodeIgniter\CodeIgniter->run()
14 SYSTEMPATH/Boot.php(67): CodeIgniter\Boot::runCodeIgniter(Object(CodeIgniter\CodeIgniter))
15 FCPATH/index.php(59): CodeIgniter\Boot::bootWeb(Object(Config\Paths))
16 SYSTEMPATH/rewrite.php(44): require_once('/var/www/html/banglore_best_property_portal/public/index.php')
WARNING - 2025-07-04 09:40:37 --> [DEPRECATED] pathinfo(): Passing null to parameter #1 ($path) of type string is deprecated in APPPATH/Views/property_details.php on line 672.
 1 APPPATH/Views/property_details.php(672): pathinfo(null, 4)
 2 SYSTEMPATH/View/View.php(224): include('/var/www/html/banglore_best_property_portal/app/Views/property_details.php')
 3 SYSTEMPATH/View/View.php(227): CodeIgniter\View\View->CodeIgniter\View\{closure}()
 4 SYSTEMPATH/Common.php(1173): CodeIgniter\View\View->render('property_details', [], true)
 5 APPPATH/Views/layout/templates.php(4): view('property_details')
 6 SYSTEMPATH/View/View.php(224): include('/var/www/html/banglore_best_property_portal/app/Views/layout/templates.php')
 7 SYSTEMPATH/View/View.php(227): CodeIgniter\View\View->CodeIgniter\View\{closure}()
 8 SYSTEMPATH/Common.php(1173): CodeIgniter\View\View->render('layout/templates', [], true)
 9 APPPATH/Controllers/MainController.php(330): view('layout/templates', [...])
10 SYSTEMPATH/CodeIgniter.php(933): App\Controllers\MainController->propertyDetails('118')
11 SYSTEMPATH/CodeIgniter.php(507): CodeIgniter\CodeIgniter->runController(Object(App\Controllers\MainController))
12 SYSTEMPATH/CodeIgniter.php(354): CodeIgniter\CodeIgniter->handleRequest(null, Object(Config\Cache), false)
13 SYSTEMPATH/Boot.php(334): CodeIgniter\CodeIgniter->run()
14 SYSTEMPATH/Boot.php(67): CodeIgniter\Boot::runCodeIgniter(Object(CodeIgniter\CodeIgniter))
15 FCPATH/index.php(59): CodeIgniter\Boot::bootWeb(Object(Config\Paths))
16 SYSTEMPATH/rewrite.php(44): require_once('/var/www/html/banglore_best_property_portal/public/index.php')
WARNING - 2025-07-04 09:40:37 --> [DEPRECATED] pathinfo(): Passing null to parameter #1 ($path) of type string is deprecated in APPPATH/Views/property_details.php on line 672.
 1 APPPATH/Views/property_details.php(672): pathinfo(null, 4)
 2 SYSTEMPATH/View/View.php(224): include('/var/www/html/banglore_best_property_portal/app/Views/property_details.php')
 3 SYSTEMPATH/View/View.php(227): CodeIgniter\View\View->CodeIgniter\View\{closure}()
 4 SYSTEMPATH/Common.php(1173): CodeIgniter\View\View->render('property_details', [], true)
 5 APPPATH/Views/layout/templates.php(4): view('property_details')
 6 SYSTEMPATH/View/View.php(224): include('/var/www/html/banglore_best_property_portal/app/Views/layout/templates.php')
 7 SYSTEMPATH/View/View.php(227): CodeIgniter\View\View->CodeIgniter\View\{closure}()
 8 SYSTEMPATH/Common.php(1173): CodeIgniter\View\View->render('layout/templates', [], true)
 9 APPPATH/Controllers/MainController.php(330): view('layout/templates', [...])
10 SYSTEMPATH/CodeIgniter.php(933): App\Controllers\MainController->propertyDetails('118')
11 SYSTEMPATH/CodeIgniter.php(507): CodeIgniter\CodeIgniter->runController(Object(App\Controllers\MainController))
12 SYSTEMPATH/CodeIgniter.php(354): CodeIgniter\CodeIgniter->handleRequest(null, Object(Config\Cache), false)
13 SYSTEMPATH/Boot.php(334): CodeIgniter\CodeIgniter->run()
14 SYSTEMPATH/Boot.php(67): CodeIgniter\Boot::runCodeIgniter(Object(CodeIgniter\CodeIgniter))
15 FCPATH/index.php(59): CodeIgniter\Boot::bootWeb(Object(Config\Paths))
16 SYSTEMPATH/rewrite.php(44): require_once('/var/www/html/banglore_best_property_portal/public/index.php')
