ERROR - 2025-06-30 05:21:06 --> Error connecting to the database: mysqli_sql_exception: No such file or directory in /var/www/html/banglore_best_property_portal/system/Database/MySQLi/Connection.php:203
Stack trace:
#0 /var/www/html/banglore_best_property_portal/system/Database/MySQLi/Connection.php(203): mysqli->real_connect()
#1 /var/www/html/banglore_best_property_portal/system/Database/BaseConnection.php(421): CodeIgniter\Database\MySQLi\Connection->connect()
#2 /var/www/html/banglore_best_property_portal/system/Database/BaseConnection.php(620): CodeIgniter\Database\BaseConnection->initialize()
#3 /var/www/html/banglore_best_property_portal/system/Database/BaseBuilder.php(1649): CodeIgniter\Database\BaseConnection->query()
#4 /var/www/html/banglore_best_property_portal/system/Model.php(286): CodeIgniter\Database\BaseBuilder->get()
#5 /var/www/html/banglore_best_property_portal/system/BaseModel.php(679): CodeIgniter\Model->doFindAll()
#6 /var/www/html/banglore_best_property_portal/app/Controllers/MainController.php(47): CodeIgniter\BaseModel->findAll()
#7 /var/www/html/banglore_best_property_portal/system/CodeIgniter.php(933): App\Controllers\MainController->index()
#8 /var/www/html/banglore_best_property_portal/system/CodeIgniter.php(507): CodeIgniter\CodeIgniter->runController()
#9 /var/www/html/banglore_best_property_portal/system/CodeIgniter.php(354): CodeIgniter\CodeIgniter->handleRequest()
#10 /var/www/html/banglore_best_property_portal/system/Boot.php(334): CodeIgniter\CodeIgniter->run()
#11 /var/www/html/banglore_best_property_portal/system/Boot.php(67): CodeIgniter\Boot::runCodeIgniter()
#12 /var/www/html/banglore_best_property_portal/public/index.php(59): CodeIgniter\Boot::bootWeb()
#13 /var/www/html/banglore_best_property_portal/system/rewrite.php(44): require_once('...')
#14 {main}

Next CodeIgniter\Database\Exceptions\DatabaseException: No such file or directory in /var/www/html/banglore_best_property_portal/system/Database/MySQLi/Connection.php:250
Stack trace:
#0 /var/www/html/banglore_best_property_portal/system/Database/BaseConnection.php(421): CodeIgniter\Database\MySQLi\Connection->connect()
#1 /var/www/html/banglore_best_property_portal/system/Database/BaseConnection.php(620): CodeIgniter\Database\BaseConnection->initialize()
#2 /var/www/html/banglore_best_property_portal/system/Database/BaseBuilder.php(1649): CodeIgniter\Database\BaseConnection->query()
#3 /var/www/html/banglore_best_property_portal/system/Model.php(286): CodeIgniter\Database\BaseBuilder->get()
#4 /var/www/html/banglore_best_property_portal/system/BaseModel.php(679): CodeIgniter\Model->doFindAll()
#5 /var/www/html/banglore_best_property_portal/app/Controllers/MainController.php(47): CodeIgniter\BaseModel->findAll()
#6 /var/www/html/banglore_best_property_portal/system/CodeIgniter.php(933): App\Controllers\MainController->index()
#7 /var/www/html/banglore_best_property_portal/system/CodeIgniter.php(507): CodeIgniter\CodeIgniter->runController()
#8 /var/www/html/banglore_best_property_portal/system/CodeIgniter.php(354): CodeIgniter\CodeIgniter->handleRequest()
#9 /var/www/html/banglore_best_property_portal/system/Boot.php(334): CodeIgniter\CodeIgniter->run()
#10 /var/www/html/banglore_best_property_portal/system/Boot.php(67): CodeIgniter\Boot::runCodeIgniter()
#11 /var/www/html/banglore_best_property_portal/public/index.php(59): CodeIgniter\Boot::bootWeb()
#12 /var/www/html/banglore_best_property_portal/system/rewrite.php(44): require_once('...')
#13 {main}
CRITICAL - 2025-06-30 05:21:06 --> CodeIgniter\Database\Exceptions\DatabaseException: Unable to connect to the database.
Main connection [MySQLi]: No such file or directory
[Method: GET, Route: /]
in SYSTEMPATH/Database/BaseConnection.php on line 467.
 1 SYSTEMPATH/Database/BaseConnection.php(620): CodeIgniter\Database\BaseConnection->initialize()
 2 SYSTEMPATH/Database/BaseBuilder.php(1649): CodeIgniter\Database\BaseConnection->query()
 3 SYSTEMPATH/Model.php(286): CodeIgniter\Database\BaseBuilder->get()
 4 SYSTEMPATH/BaseModel.php(679): CodeIgniter\Model->doFindAll()
 5 APPPATH/Controllers/MainController.php(47): CodeIgniter\BaseModel->findAll()
 6 SYSTEMPATH/CodeIgniter.php(933): App\Controllers\MainController->index()
 7 SYSTEMPATH/CodeIgniter.php(507): CodeIgniter\CodeIgniter->runController()
 8 SYSTEMPATH/CodeIgniter.php(354): CodeIgniter\CodeIgniter->handleRequest()
 9 SYSTEMPATH/Boot.php(334): CodeIgniter\CodeIgniter->run()
10 SYSTEMPATH/Boot.php(67): CodeIgniter\Boot::runCodeIgniter()
11 FCPATH/index.php(59): CodeIgniter\Boot::bootWeb()
12 SYSTEMPATH/rewrite.php(44): require_once('/var/www/html/banglore_best_property_portal/public/index.php')
ERROR - 2025-06-30 05:22:06 --> Error connecting to the database: mysqli_sql_exception: Connection refused in /var/www/html/banglore_best_property_portal/system/Database/MySQLi/Connection.php:203
Stack trace:
#0 /var/www/html/banglore_best_property_portal/system/Database/MySQLi/Connection.php(203): mysqli->real_connect()
#1 /var/www/html/banglore_best_property_portal/system/Database/BaseConnection.php(421): CodeIgniter\Database\MySQLi\Connection->connect()
#2 /var/www/html/banglore_best_property_portal/system/Database/BaseConnection.php(620): CodeIgniter\Database\BaseConnection->initialize()
#3 /var/www/html/banglore_best_property_portal/system/Database/BaseBuilder.php(1649): CodeIgniter\Database\BaseConnection->query()
#4 /var/www/html/banglore_best_property_portal/system/Model.php(286): CodeIgniter\Database\BaseBuilder->get()
#5 /var/www/html/banglore_best_property_portal/system/BaseModel.php(679): CodeIgniter\Model->doFindAll()
#6 /var/www/html/banglore_best_property_portal/app/Controllers/MainController.php(47): CodeIgniter\BaseModel->findAll()
#7 /var/www/html/banglore_best_property_portal/system/CodeIgniter.php(933): App\Controllers\MainController->index()
#8 /var/www/html/banglore_best_property_portal/system/CodeIgniter.php(507): CodeIgniter\CodeIgniter->runController()
#9 /var/www/html/banglore_best_property_portal/system/CodeIgniter.php(354): CodeIgniter\CodeIgniter->handleRequest()
#10 /var/www/html/banglore_best_property_portal/system/Boot.php(334): CodeIgniter\CodeIgniter->run()
#11 /var/www/html/banglore_best_property_portal/system/Boot.php(67): CodeIgniter\Boot::runCodeIgniter()
#12 /var/www/html/banglore_best_property_portal/public/index.php(59): CodeIgniter\Boot::bootWeb()
#13 /var/www/html/banglore_best_property_portal/system/rewrite.php(44): require_once('...')
#14 {main}

Next CodeIgniter\Database\Exceptions\DatabaseException: Connection refused in /var/www/html/banglore_best_property_portal/system/Database/MySQLi/Connection.php:250
Stack trace:
#0 /var/www/html/banglore_best_property_portal/system/Database/BaseConnection.php(421): CodeIgniter\Database\MySQLi\Connection->connect()
#1 /var/www/html/banglore_best_property_portal/system/Database/BaseConnection.php(620): CodeIgniter\Database\BaseConnection->initialize()
#2 /var/www/html/banglore_best_property_portal/system/Database/BaseBuilder.php(1649): CodeIgniter\Database\BaseConnection->query()
#3 /var/www/html/banglore_best_property_portal/system/Model.php(286): CodeIgniter\Database\BaseBuilder->get()
#4 /var/www/html/banglore_best_property_portal/system/BaseModel.php(679): CodeIgniter\Model->doFindAll()
#5 /var/www/html/banglore_best_property_portal/app/Controllers/MainController.php(47): CodeIgniter\BaseModel->findAll()
#6 /var/www/html/banglore_best_property_portal/system/CodeIgniter.php(933): App\Controllers\MainController->index()
#7 /var/www/html/banglore_best_property_portal/system/CodeIgniter.php(507): CodeIgniter\CodeIgniter->runController()
#8 /var/www/html/banglore_best_property_portal/system/CodeIgniter.php(354): CodeIgniter\CodeIgniter->handleRequest()
#9 /var/www/html/banglore_best_property_portal/system/Boot.php(334): CodeIgniter\CodeIgniter->run()
#10 /var/www/html/banglore_best_property_portal/system/Boot.php(67): CodeIgniter\Boot::runCodeIgniter()
#11 /var/www/html/banglore_best_property_portal/public/index.php(59): CodeIgniter\Boot::bootWeb()
#12 /var/www/html/banglore_best_property_portal/system/rewrite.php(44): require_once('...')
#13 {main}
CRITICAL - 2025-06-30 05:22:06 --> CodeIgniter\Database\Exceptions\DatabaseException: Unable to connect to the database.
Main connection [MySQLi]: Connection refused
[Method: GET, Route: /]
in SYSTEMPATH/Database/BaseConnection.php on line 467.
 1 SYSTEMPATH/Database/BaseConnection.php(620): CodeIgniter\Database\BaseConnection->initialize()
 2 SYSTEMPATH/Database/BaseBuilder.php(1649): CodeIgniter\Database\BaseConnection->query()
 3 SYSTEMPATH/Model.php(286): CodeIgniter\Database\BaseBuilder->get()
 4 SYSTEMPATH/BaseModel.php(679): CodeIgniter\Model->doFindAll()
 5 APPPATH/Controllers/MainController.php(47): CodeIgniter\BaseModel->findAll()
 6 SYSTEMPATH/CodeIgniter.php(933): App\Controllers\MainController->index()
 7 SYSTEMPATH/CodeIgniter.php(507): CodeIgniter\CodeIgniter->runController()
 8 SYSTEMPATH/CodeIgniter.php(354): CodeIgniter\CodeIgniter->handleRequest()
 9 SYSTEMPATH/Boot.php(334): CodeIgniter\CodeIgniter->run()
10 SYSTEMPATH/Boot.php(67): CodeIgniter\Boot::runCodeIgniter()
11 FCPATH/index.php(59): CodeIgniter\Boot::bootWeb()
12 SYSTEMPATH/rewrite.php(44): require_once('/var/www/html/banglore_best_property_portal/public/index.php')
ERROR - 2025-06-30 05:22:08 --> Error connecting to the database: mysqli_sql_exception: Connection refused in /var/www/html/banglore_best_property_portal/system/Database/MySQLi/Connection.php:203
Stack trace:
#0 /var/www/html/banglore_best_property_portal/system/Database/MySQLi/Connection.php(203): mysqli->real_connect()
#1 /var/www/html/banglore_best_property_portal/system/Database/BaseConnection.php(421): CodeIgniter\Database\MySQLi\Connection->connect()
#2 /var/www/html/banglore_best_property_portal/system/Database/BaseConnection.php(620): CodeIgniter\Database\BaseConnection->initialize()
#3 /var/www/html/banglore_best_property_portal/system/Database/BaseBuilder.php(1649): CodeIgniter\Database\BaseConnection->query()
#4 /var/www/html/banglore_best_property_portal/system/Model.php(286): CodeIgniter\Database\BaseBuilder->get()
#5 /var/www/html/banglore_best_property_portal/system/BaseModel.php(679): CodeIgniter\Model->doFindAll()
#6 /var/www/html/banglore_best_property_portal/app/Controllers/MainController.php(47): CodeIgniter\BaseModel->findAll()
#7 /var/www/html/banglore_best_property_portal/system/CodeIgniter.php(933): App\Controllers\MainController->index()
#8 /var/www/html/banglore_best_property_portal/system/CodeIgniter.php(507): CodeIgniter\CodeIgniter->runController()
#9 /var/www/html/banglore_best_property_portal/system/CodeIgniter.php(354): CodeIgniter\CodeIgniter->handleRequest()
#10 /var/www/html/banglore_best_property_portal/system/Boot.php(334): CodeIgniter\CodeIgniter->run()
#11 /var/www/html/banglore_best_property_portal/system/Boot.php(67): CodeIgniter\Boot::runCodeIgniter()
#12 /var/www/html/banglore_best_property_portal/public/index.php(59): CodeIgniter\Boot::bootWeb()
#13 /var/www/html/banglore_best_property_portal/system/rewrite.php(44): require_once('...')
#14 {main}

Next CodeIgniter\Database\Exceptions\DatabaseException: Connection refused in /var/www/html/banglore_best_property_portal/system/Database/MySQLi/Connection.php:250
Stack trace:
#0 /var/www/html/banglore_best_property_portal/system/Database/BaseConnection.php(421): CodeIgniter\Database\MySQLi\Connection->connect()
#1 /var/www/html/banglore_best_property_portal/system/Database/BaseConnection.php(620): CodeIgniter\Database\BaseConnection->initialize()
#2 /var/www/html/banglore_best_property_portal/system/Database/BaseBuilder.php(1649): CodeIgniter\Database\BaseConnection->query()
#3 /var/www/html/banglore_best_property_portal/system/Model.php(286): CodeIgniter\Database\BaseBuilder->get()
#4 /var/www/html/banglore_best_property_portal/system/BaseModel.php(679): CodeIgniter\Model->doFindAll()
#5 /var/www/html/banglore_best_property_portal/app/Controllers/MainController.php(47): CodeIgniter\BaseModel->findAll()
#6 /var/www/html/banglore_best_property_portal/system/CodeIgniter.php(933): App\Controllers\MainController->index()
#7 /var/www/html/banglore_best_property_portal/system/CodeIgniter.php(507): CodeIgniter\CodeIgniter->runController()
#8 /var/www/html/banglore_best_property_portal/system/CodeIgniter.php(354): CodeIgniter\CodeIgniter->handleRequest()
#9 /var/www/html/banglore_best_property_portal/system/Boot.php(334): CodeIgniter\CodeIgniter->run()
#10 /var/www/html/banglore_best_property_portal/system/Boot.php(67): CodeIgniter\Boot::runCodeIgniter()
#11 /var/www/html/banglore_best_property_portal/public/index.php(59): CodeIgniter\Boot::bootWeb()
#12 /var/www/html/banglore_best_property_portal/system/rewrite.php(44): require_once('...')
#13 {main}
CRITICAL - 2025-06-30 05:22:08 --> CodeIgniter\Database\Exceptions\DatabaseException: Unable to connect to the database.
Main connection [MySQLi]: Connection refused
[Method: GET, Route: /]
in SYSTEMPATH/Database/BaseConnection.php on line 467.
 1 SYSTEMPATH/Database/BaseConnection.php(620): CodeIgniter\Database\BaseConnection->initialize()
 2 SYSTEMPATH/Database/BaseBuilder.php(1649): CodeIgniter\Database\BaseConnection->query()
 3 SYSTEMPATH/Model.php(286): CodeIgniter\Database\BaseBuilder->get()
 4 SYSTEMPATH/BaseModel.php(679): CodeIgniter\Model->doFindAll()
 5 APPPATH/Controllers/MainController.php(47): CodeIgniter\BaseModel->findAll()
 6 SYSTEMPATH/CodeIgniter.php(933): App\Controllers\MainController->index()
 7 SYSTEMPATH/CodeIgniter.php(507): CodeIgniter\CodeIgniter->runController()
 8 SYSTEMPATH/CodeIgniter.php(354): CodeIgniter\CodeIgniter->handleRequest()
 9 SYSTEMPATH/Boot.php(334): CodeIgniter\CodeIgniter->run()
10 SYSTEMPATH/Boot.php(67): CodeIgniter\Boot::runCodeIgniter()
11 FCPATH/index.php(59): CodeIgniter\Boot::bootWeb()
12 SYSTEMPATH/rewrite.php(44): require_once('/var/www/html/banglore_best_property_portal/public/index.php')
ERROR - 2025-06-30 05:22:09 --> Error connecting to the database: mysqli_sql_exception: Connection refused in /var/www/html/banglore_best_property_portal/system/Database/MySQLi/Connection.php:203
Stack trace:
#0 /var/www/html/banglore_best_property_portal/system/Database/MySQLi/Connection.php(203): mysqli->real_connect()
#1 /var/www/html/banglore_best_property_portal/system/Database/BaseConnection.php(421): CodeIgniter\Database\MySQLi\Connection->connect()
#2 /var/www/html/banglore_best_property_portal/system/Database/BaseConnection.php(620): CodeIgniter\Database\BaseConnection->initialize()
#3 /var/www/html/banglore_best_property_portal/system/Database/BaseBuilder.php(1649): CodeIgniter\Database\BaseConnection->query()
#4 /var/www/html/banglore_best_property_portal/system/Model.php(286): CodeIgniter\Database\BaseBuilder->get()
#5 /var/www/html/banglore_best_property_portal/system/BaseModel.php(679): CodeIgniter\Model->doFindAll()
#6 /var/www/html/banglore_best_property_portal/app/Controllers/MainController.php(47): CodeIgniter\BaseModel->findAll()
#7 /var/www/html/banglore_best_property_portal/system/CodeIgniter.php(933): App\Controllers\MainController->index()
#8 /var/www/html/banglore_best_property_portal/system/CodeIgniter.php(507): CodeIgniter\CodeIgniter->runController()
#9 /var/www/html/banglore_best_property_portal/system/CodeIgniter.php(354): CodeIgniter\CodeIgniter->handleRequest()
#10 /var/www/html/banglore_best_property_portal/system/Boot.php(334): CodeIgniter\CodeIgniter->run()
#11 /var/www/html/banglore_best_property_portal/system/Boot.php(67): CodeIgniter\Boot::runCodeIgniter()
#12 /var/www/html/banglore_best_property_portal/public/index.php(59): CodeIgniter\Boot::bootWeb()
#13 /var/www/html/banglore_best_property_portal/system/rewrite.php(44): require_once('...')
#14 {main}

Next CodeIgniter\Database\Exceptions\DatabaseException: Connection refused in /var/www/html/banglore_best_property_portal/system/Database/MySQLi/Connection.php:250
Stack trace:
#0 /var/www/html/banglore_best_property_portal/system/Database/BaseConnection.php(421): CodeIgniter\Database\MySQLi\Connection->connect()
#1 /var/www/html/banglore_best_property_portal/system/Database/BaseConnection.php(620): CodeIgniter\Database\BaseConnection->initialize()
#2 /var/www/html/banglore_best_property_portal/system/Database/BaseBuilder.php(1649): CodeIgniter\Database\BaseConnection->query()
#3 /var/www/html/banglore_best_property_portal/system/Model.php(286): CodeIgniter\Database\BaseBuilder->get()
#4 /var/www/html/banglore_best_property_portal/system/BaseModel.php(679): CodeIgniter\Model->doFindAll()
#5 /var/www/html/banglore_best_property_portal/app/Controllers/MainController.php(47): CodeIgniter\BaseModel->findAll()
#6 /var/www/html/banglore_best_property_portal/system/CodeIgniter.php(933): App\Controllers\MainController->index()
#7 /var/www/html/banglore_best_property_portal/system/CodeIgniter.php(507): CodeIgniter\CodeIgniter->runController()
#8 /var/www/html/banglore_best_property_portal/system/CodeIgniter.php(354): CodeIgniter\CodeIgniter->handleRequest()
#9 /var/www/html/banglore_best_property_portal/system/Boot.php(334): CodeIgniter\CodeIgniter->run()
#10 /var/www/html/banglore_best_property_portal/system/Boot.php(67): CodeIgniter\Boot::runCodeIgniter()
#11 /var/www/html/banglore_best_property_portal/public/index.php(59): CodeIgniter\Boot::bootWeb()
#12 /var/www/html/banglore_best_property_portal/system/rewrite.php(44): require_once('...')
#13 {main}
CRITICAL - 2025-06-30 05:22:09 --> CodeIgniter\Database\Exceptions\DatabaseException: Unable to connect to the database.
Main connection [MySQLi]: Connection refused
[Method: GET, Route: /]
in SYSTEMPATH/Database/BaseConnection.php on line 467.
 1 SYSTEMPATH/Database/BaseConnection.php(620): CodeIgniter\Database\BaseConnection->initialize()
 2 SYSTEMPATH/Database/BaseBuilder.php(1649): CodeIgniter\Database\BaseConnection->query()
 3 SYSTEMPATH/Model.php(286): CodeIgniter\Database\BaseBuilder->get()
 4 SYSTEMPATH/BaseModel.php(679): CodeIgniter\Model->doFindAll()
 5 APPPATH/Controllers/MainController.php(47): CodeIgniter\BaseModel->findAll()
 6 SYSTEMPATH/CodeIgniter.php(933): App\Controllers\MainController->index()
 7 SYSTEMPATH/CodeIgniter.php(507): CodeIgniter\CodeIgniter->runController()
 8 SYSTEMPATH/CodeIgniter.php(354): CodeIgniter\CodeIgniter->handleRequest()
 9 SYSTEMPATH/Boot.php(334): CodeIgniter\CodeIgniter->run()
10 SYSTEMPATH/Boot.php(67): CodeIgniter\Boot::runCodeIgniter()
11 FCPATH/index.php(59): CodeIgniter\Boot::bootWeb()
12 SYSTEMPATH/rewrite.php(44): require_once('/var/www/html/banglore_best_property_portal/public/index.php')
ERROR - 2025-06-30 05:22:09 --> Error connecting to the database: mysqli_sql_exception: Connection refused in /var/www/html/banglore_best_property_portal/system/Database/MySQLi/Connection.php:203
Stack trace:
#0 /var/www/html/banglore_best_property_portal/system/Database/MySQLi/Connection.php(203): mysqli->real_connect()
#1 /var/www/html/banglore_best_property_portal/system/Database/BaseConnection.php(421): CodeIgniter\Database\MySQLi\Connection->connect()
#2 /var/www/html/banglore_best_property_portal/system/Database/BaseConnection.php(620): CodeIgniter\Database\BaseConnection->initialize()
#3 /var/www/html/banglore_best_property_portal/system/Database/BaseBuilder.php(1649): CodeIgniter\Database\BaseConnection->query()
#4 /var/www/html/banglore_best_property_portal/system/Model.php(286): CodeIgniter\Database\BaseBuilder->get()
#5 /var/www/html/banglore_best_property_portal/system/BaseModel.php(679): CodeIgniter\Model->doFindAll()
#6 /var/www/html/banglore_best_property_portal/app/Controllers/MainController.php(47): CodeIgniter\BaseModel->findAll()
#7 /var/www/html/banglore_best_property_portal/system/CodeIgniter.php(933): App\Controllers\MainController->index()
#8 /var/www/html/banglore_best_property_portal/system/CodeIgniter.php(507): CodeIgniter\CodeIgniter->runController()
#9 /var/www/html/banglore_best_property_portal/system/CodeIgniter.php(354): CodeIgniter\CodeIgniter->handleRequest()
#10 /var/www/html/banglore_best_property_portal/system/Boot.php(334): CodeIgniter\CodeIgniter->run()
#11 /var/www/html/banglore_best_property_portal/system/Boot.php(67): CodeIgniter\Boot::runCodeIgniter()
#12 /var/www/html/banglore_best_property_portal/public/index.php(59): CodeIgniter\Boot::bootWeb()
#13 /var/www/html/banglore_best_property_portal/system/rewrite.php(44): require_once('...')
#14 {main}

Next CodeIgniter\Database\Exceptions\DatabaseException: Connection refused in /var/www/html/banglore_best_property_portal/system/Database/MySQLi/Connection.php:250
Stack trace:
#0 /var/www/html/banglore_best_property_portal/system/Database/BaseConnection.php(421): CodeIgniter\Database\MySQLi\Connection->connect()
#1 /var/www/html/banglore_best_property_portal/system/Database/BaseConnection.php(620): CodeIgniter\Database\BaseConnection->initialize()
#2 /var/www/html/banglore_best_property_portal/system/Database/BaseBuilder.php(1649): CodeIgniter\Database\BaseConnection->query()
#3 /var/www/html/banglore_best_property_portal/system/Model.php(286): CodeIgniter\Database\BaseBuilder->get()
#4 /var/www/html/banglore_best_property_portal/system/BaseModel.php(679): CodeIgniter\Model->doFindAll()
#5 /var/www/html/banglore_best_property_portal/app/Controllers/MainController.php(47): CodeIgniter\BaseModel->findAll()
#6 /var/www/html/banglore_best_property_portal/system/CodeIgniter.php(933): App\Controllers\MainController->index()
#7 /var/www/html/banglore_best_property_portal/system/CodeIgniter.php(507): CodeIgniter\CodeIgniter->runController()
#8 /var/www/html/banglore_best_property_portal/system/CodeIgniter.php(354): CodeIgniter\CodeIgniter->handleRequest()
#9 /var/www/html/banglore_best_property_portal/system/Boot.php(334): CodeIgniter\CodeIgniter->run()
#10 /var/www/html/banglore_best_property_portal/system/Boot.php(67): CodeIgniter\Boot::runCodeIgniter()
#11 /var/www/html/banglore_best_property_portal/public/index.php(59): CodeIgniter\Boot::bootWeb()
#12 /var/www/html/banglore_best_property_portal/system/rewrite.php(44): require_once('...')
#13 {main}
CRITICAL - 2025-06-30 05:22:09 --> CodeIgniter\Database\Exceptions\DatabaseException: Unable to connect to the database.
Main connection [MySQLi]: Connection refused
[Method: GET, Route: /]
in SYSTEMPATH/Database/BaseConnection.php on line 467.
 1 SYSTEMPATH/Database/BaseConnection.php(620): CodeIgniter\Database\BaseConnection->initialize()
 2 SYSTEMPATH/Database/BaseBuilder.php(1649): CodeIgniter\Database\BaseConnection->query()
 3 SYSTEMPATH/Model.php(286): CodeIgniter\Database\BaseBuilder->get()
 4 SYSTEMPATH/BaseModel.php(679): CodeIgniter\Model->doFindAll()
 5 APPPATH/Controllers/MainController.php(47): CodeIgniter\BaseModel->findAll()
 6 SYSTEMPATH/CodeIgniter.php(933): App\Controllers\MainController->index()
 7 SYSTEMPATH/CodeIgniter.php(507): CodeIgniter\CodeIgniter->runController()
 8 SYSTEMPATH/CodeIgniter.php(354): CodeIgniter\CodeIgniter->handleRequest()
 9 SYSTEMPATH/Boot.php(334): CodeIgniter\CodeIgniter->run()
10 SYSTEMPATH/Boot.php(67): CodeIgniter\Boot::runCodeIgniter()
11 FCPATH/index.php(59): CodeIgniter\Boot::bootWeb()
12 SYSTEMPATH/rewrite.php(44): require_once('/var/www/html/banglore_best_property_portal/public/index.php')
ERROR - 2025-06-30 05:22:09 --> Error connecting to the database: mysqli_sql_exception: Connection refused in /var/www/html/banglore_best_property_portal/system/Database/MySQLi/Connection.php:203
Stack trace:
#0 /var/www/html/banglore_best_property_portal/system/Database/MySQLi/Connection.php(203): mysqli->real_connect()
#1 /var/www/html/banglore_best_property_portal/system/Database/BaseConnection.php(421): CodeIgniter\Database\MySQLi\Connection->connect()
#2 /var/www/html/banglore_best_property_portal/system/Database/BaseConnection.php(620): CodeIgniter\Database\BaseConnection->initialize()
#3 /var/www/html/banglore_best_property_portal/system/Database/BaseBuilder.php(1649): CodeIgniter\Database\BaseConnection->query()
#4 /var/www/html/banglore_best_property_portal/system/Model.php(286): CodeIgniter\Database\BaseBuilder->get()
#5 /var/www/html/banglore_best_property_portal/system/BaseModel.php(679): CodeIgniter\Model->doFindAll()
#6 /var/www/html/banglore_best_property_portal/app/Controllers/MainController.php(47): CodeIgniter\BaseModel->findAll()
#7 /var/www/html/banglore_best_property_portal/system/CodeIgniter.php(933): App\Controllers\MainController->index()
#8 /var/www/html/banglore_best_property_portal/system/CodeIgniter.php(507): CodeIgniter\CodeIgniter->runController()
#9 /var/www/html/banglore_best_property_portal/system/CodeIgniter.php(354): CodeIgniter\CodeIgniter->handleRequest()
#10 /var/www/html/banglore_best_property_portal/system/Boot.php(334): CodeIgniter\CodeIgniter->run()
#11 /var/www/html/banglore_best_property_portal/system/Boot.php(67): CodeIgniter\Boot::runCodeIgniter()
#12 /var/www/html/banglore_best_property_portal/public/index.php(59): CodeIgniter\Boot::bootWeb()
#13 /var/www/html/banglore_best_property_portal/system/rewrite.php(44): require_once('...')
#14 {main}

Next CodeIgniter\Database\Exceptions\DatabaseException: Connection refused in /var/www/html/banglore_best_property_portal/system/Database/MySQLi/Connection.php:250
Stack trace:
#0 /var/www/html/banglore_best_property_portal/system/Database/BaseConnection.php(421): CodeIgniter\Database\MySQLi\Connection->connect()
#1 /var/www/html/banglore_best_property_portal/system/Database/BaseConnection.php(620): CodeIgniter\Database\BaseConnection->initialize()
#2 /var/www/html/banglore_best_property_portal/system/Database/BaseBuilder.php(1649): CodeIgniter\Database\BaseConnection->query()
#3 /var/www/html/banglore_best_property_portal/system/Model.php(286): CodeIgniter\Database\BaseBuilder->get()
#4 /var/www/html/banglore_best_property_portal/system/BaseModel.php(679): CodeIgniter\Model->doFindAll()
#5 /var/www/html/banglore_best_property_portal/app/Controllers/MainController.php(47): CodeIgniter\BaseModel->findAll()
#6 /var/www/html/banglore_best_property_portal/system/CodeIgniter.php(933): App\Controllers\MainController->index()
#7 /var/www/html/banglore_best_property_portal/system/CodeIgniter.php(507): CodeIgniter\CodeIgniter->runController()
#8 /var/www/html/banglore_best_property_portal/system/CodeIgniter.php(354): CodeIgniter\CodeIgniter->handleRequest()
#9 /var/www/html/banglore_best_property_portal/system/Boot.php(334): CodeIgniter\CodeIgniter->run()
#10 /var/www/html/banglore_best_property_portal/system/Boot.php(67): CodeIgniter\Boot::runCodeIgniter()
#11 /var/www/html/banglore_best_property_portal/public/index.php(59): CodeIgniter\Boot::bootWeb()
#12 /var/www/html/banglore_best_property_portal/system/rewrite.php(44): require_once('...')
#13 {main}
CRITICAL - 2025-06-30 05:22:09 --> CodeIgniter\Database\Exceptions\DatabaseException: Unable to connect to the database.
Main connection [MySQLi]: Connection refused
[Method: GET, Route: /]
in SYSTEMPATH/Database/BaseConnection.php on line 467.
 1 SYSTEMPATH/Database/BaseConnection.php(620): CodeIgniter\Database\BaseConnection->initialize()
 2 SYSTEMPATH/Database/BaseBuilder.php(1649): CodeIgniter\Database\BaseConnection->query()
 3 SYSTEMPATH/Model.php(286): CodeIgniter\Database\BaseBuilder->get()
 4 SYSTEMPATH/BaseModel.php(679): CodeIgniter\Model->doFindAll()
 5 APPPATH/Controllers/MainController.php(47): CodeIgniter\BaseModel->findAll()
 6 SYSTEMPATH/CodeIgniter.php(933): App\Controllers\MainController->index()
 7 SYSTEMPATH/CodeIgniter.php(507): CodeIgniter\CodeIgniter->runController()
 8 SYSTEMPATH/CodeIgniter.php(354): CodeIgniter\CodeIgniter->handleRequest()
 9 SYSTEMPATH/Boot.php(334): CodeIgniter\CodeIgniter->run()
10 SYSTEMPATH/Boot.php(67): CodeIgniter\Boot::runCodeIgniter()
11 FCPATH/index.php(59): CodeIgniter\Boot::bootWeb()
12 SYSTEMPATH/rewrite.php(44): require_once('/var/www/html/banglore_best_property_portal/public/index.php')
ERROR - 2025-06-30 05:22:10 --> Error connecting to the database: mysqli_sql_exception: Connection refused in /var/www/html/banglore_best_property_portal/system/Database/MySQLi/Connection.php:203
Stack trace:
#0 /var/www/html/banglore_best_property_portal/system/Database/MySQLi/Connection.php(203): mysqli->real_connect()
#1 /var/www/html/banglore_best_property_portal/system/Database/BaseConnection.php(421): CodeIgniter\Database\MySQLi\Connection->connect()
#2 /var/www/html/banglore_best_property_portal/system/Database/BaseConnection.php(620): CodeIgniter\Database\BaseConnection->initialize()
#3 /var/www/html/banglore_best_property_portal/system/Database/BaseBuilder.php(1649): CodeIgniter\Database\BaseConnection->query()
#4 /var/www/html/banglore_best_property_portal/system/Model.php(286): CodeIgniter\Database\BaseBuilder->get()
#5 /var/www/html/banglore_best_property_portal/system/BaseModel.php(679): CodeIgniter\Model->doFindAll()
#6 /var/www/html/banglore_best_property_portal/app/Controllers/MainController.php(47): CodeIgniter\BaseModel->findAll()
#7 /var/www/html/banglore_best_property_portal/system/CodeIgniter.php(933): App\Controllers\MainController->index()
#8 /var/www/html/banglore_best_property_portal/system/CodeIgniter.php(507): CodeIgniter\CodeIgniter->runController()
#9 /var/www/html/banglore_best_property_portal/system/CodeIgniter.php(354): CodeIgniter\CodeIgniter->handleRequest()
#10 /var/www/html/banglore_best_property_portal/system/Boot.php(334): CodeIgniter\CodeIgniter->run()
#11 /var/www/html/banglore_best_property_portal/system/Boot.php(67): CodeIgniter\Boot::runCodeIgniter()
#12 /var/www/html/banglore_best_property_portal/public/index.php(59): CodeIgniter\Boot::bootWeb()
#13 /var/www/html/banglore_best_property_portal/system/rewrite.php(44): require_once('...')
#14 {main}

Next CodeIgniter\Database\Exceptions\DatabaseException: Connection refused in /var/www/html/banglore_best_property_portal/system/Database/MySQLi/Connection.php:250
Stack trace:
#0 /var/www/html/banglore_best_property_portal/system/Database/BaseConnection.php(421): CodeIgniter\Database\MySQLi\Connection->connect()
#1 /var/www/html/banglore_best_property_portal/system/Database/BaseConnection.php(620): CodeIgniter\Database\BaseConnection->initialize()
#2 /var/www/html/banglore_best_property_portal/system/Database/BaseBuilder.php(1649): CodeIgniter\Database\BaseConnection->query()
#3 /var/www/html/banglore_best_property_portal/system/Model.php(286): CodeIgniter\Database\BaseBuilder->get()
#4 /var/www/html/banglore_best_property_portal/system/BaseModel.php(679): CodeIgniter\Model->doFindAll()
#5 /var/www/html/banglore_best_property_portal/app/Controllers/MainController.php(47): CodeIgniter\BaseModel->findAll()
#6 /var/www/html/banglore_best_property_portal/system/CodeIgniter.php(933): App\Controllers\MainController->index()
#7 /var/www/html/banglore_best_property_portal/system/CodeIgniter.php(507): CodeIgniter\CodeIgniter->runController()
#8 /var/www/html/banglore_best_property_portal/system/CodeIgniter.php(354): CodeIgniter\CodeIgniter->handleRequest()
#9 /var/www/html/banglore_best_property_portal/system/Boot.php(334): CodeIgniter\CodeIgniter->run()
#10 /var/www/html/banglore_best_property_portal/system/Boot.php(67): CodeIgniter\Boot::runCodeIgniter()
#11 /var/www/html/banglore_best_property_portal/public/index.php(59): CodeIgniter\Boot::bootWeb()
#12 /var/www/html/banglore_best_property_portal/system/rewrite.php(44): require_once('...')
#13 {main}
CRITICAL - 2025-06-30 05:22:10 --> CodeIgniter\Database\Exceptions\DatabaseException: Unable to connect to the database.
Main connection [MySQLi]: Connection refused
[Method: GET, Route: /]
in SYSTEMPATH/Database/BaseConnection.php on line 467.
 1 SYSTEMPATH/Database/BaseConnection.php(620): CodeIgniter\Database\BaseConnection->initialize()
 2 SYSTEMPATH/Database/BaseBuilder.php(1649): CodeIgniter\Database\BaseConnection->query()
 3 SYSTEMPATH/Model.php(286): CodeIgniter\Database\BaseBuilder->get()
 4 SYSTEMPATH/BaseModel.php(679): CodeIgniter\Model->doFindAll()
 5 APPPATH/Controllers/MainController.php(47): CodeIgniter\BaseModel->findAll()
 6 SYSTEMPATH/CodeIgniter.php(933): App\Controllers\MainController->index()
 7 SYSTEMPATH/CodeIgniter.php(507): CodeIgniter\CodeIgniter->runController()
 8 SYSTEMPATH/CodeIgniter.php(354): CodeIgniter\CodeIgniter->handleRequest()
 9 SYSTEMPATH/Boot.php(334): CodeIgniter\CodeIgniter->run()
10 SYSTEMPATH/Boot.php(67): CodeIgniter\Boot::runCodeIgniter()
11 FCPATH/index.php(59): CodeIgniter\Boot::bootWeb()
12 SYSTEMPATH/rewrite.php(44): require_once('/var/www/html/banglore_best_property_portal/public/index.php')
ERROR - 2025-06-30 05:22:10 --> Error connecting to the database: mysqli_sql_exception: Connection refused in /var/www/html/banglore_best_property_portal/system/Database/MySQLi/Connection.php:203
Stack trace:
#0 /var/www/html/banglore_best_property_portal/system/Database/MySQLi/Connection.php(203): mysqli->real_connect()
#1 /var/www/html/banglore_best_property_portal/system/Database/BaseConnection.php(421): CodeIgniter\Database\MySQLi\Connection->connect()
#2 /var/www/html/banglore_best_property_portal/system/Database/BaseConnection.php(620): CodeIgniter\Database\BaseConnection->initialize()
#3 /var/www/html/banglore_best_property_portal/system/Database/BaseBuilder.php(1649): CodeIgniter\Database\BaseConnection->query()
#4 /var/www/html/banglore_best_property_portal/system/Model.php(286): CodeIgniter\Database\BaseBuilder->get()
#5 /var/www/html/banglore_best_property_portal/system/BaseModel.php(679): CodeIgniter\Model->doFindAll()
#6 /var/www/html/banglore_best_property_portal/app/Controllers/MainController.php(47): CodeIgniter\BaseModel->findAll()
#7 /var/www/html/banglore_best_property_portal/system/CodeIgniter.php(933): App\Controllers\MainController->index()
#8 /var/www/html/banglore_best_property_portal/system/CodeIgniter.php(507): CodeIgniter\CodeIgniter->runController()
#9 /var/www/html/banglore_best_property_portal/system/CodeIgniter.php(354): CodeIgniter\CodeIgniter->handleRequest()
#10 /var/www/html/banglore_best_property_portal/system/Boot.php(334): CodeIgniter\CodeIgniter->run()
#11 /var/www/html/banglore_best_property_portal/system/Boot.php(67): CodeIgniter\Boot::runCodeIgniter()
#12 /var/www/html/banglore_best_property_portal/public/index.php(59): CodeIgniter\Boot::bootWeb()
#13 /var/www/html/banglore_best_property_portal/system/rewrite.php(44): require_once('...')
#14 {main}

Next CodeIgniter\Database\Exceptions\DatabaseException: Connection refused in /var/www/html/banglore_best_property_portal/system/Database/MySQLi/Connection.php:250
Stack trace:
#0 /var/www/html/banglore_best_property_portal/system/Database/BaseConnection.php(421): CodeIgniter\Database\MySQLi\Connection->connect()
#1 /var/www/html/banglore_best_property_portal/system/Database/BaseConnection.php(620): CodeIgniter\Database\BaseConnection->initialize()
#2 /var/www/html/banglore_best_property_portal/system/Database/BaseBuilder.php(1649): CodeIgniter\Database\BaseConnection->query()
#3 /var/www/html/banglore_best_property_portal/system/Model.php(286): CodeIgniter\Database\BaseBuilder->get()
#4 /var/www/html/banglore_best_property_portal/system/BaseModel.php(679): CodeIgniter\Model->doFindAll()
#5 /var/www/html/banglore_best_property_portal/app/Controllers/MainController.php(47): CodeIgniter\BaseModel->findAll()
#6 /var/www/html/banglore_best_property_portal/system/CodeIgniter.php(933): App\Controllers\MainController->index()
#7 /var/www/html/banglore_best_property_portal/system/CodeIgniter.php(507): CodeIgniter\CodeIgniter->runController()
#8 /var/www/html/banglore_best_property_portal/system/CodeIgniter.php(354): CodeIgniter\CodeIgniter->handleRequest()
#9 /var/www/html/banglore_best_property_portal/system/Boot.php(334): CodeIgniter\CodeIgniter->run()
#10 /var/www/html/banglore_best_property_portal/system/Boot.php(67): CodeIgniter\Boot::runCodeIgniter()
#11 /var/www/html/banglore_best_property_portal/public/index.php(59): CodeIgniter\Boot::bootWeb()
#12 /var/www/html/banglore_best_property_portal/system/rewrite.php(44): require_once('...')
#13 {main}
CRITICAL - 2025-06-30 05:22:10 --> CodeIgniter\Database\Exceptions\DatabaseException: Unable to connect to the database.
Main connection [MySQLi]: Connection refused
[Method: GET, Route: /]
in SYSTEMPATH/Database/BaseConnection.php on line 467.
 1 SYSTEMPATH/Database/BaseConnection.php(620): CodeIgniter\Database\BaseConnection->initialize()
 2 SYSTEMPATH/Database/BaseBuilder.php(1649): CodeIgniter\Database\BaseConnection->query()
 3 SYSTEMPATH/Model.php(286): CodeIgniter\Database\BaseBuilder->get()
 4 SYSTEMPATH/BaseModel.php(679): CodeIgniter\Model->doFindAll()
 5 APPPATH/Controllers/MainController.php(47): CodeIgniter\BaseModel->findAll()
 6 SYSTEMPATH/CodeIgniter.php(933): App\Controllers\MainController->index()
 7 SYSTEMPATH/CodeIgniter.php(507): CodeIgniter\CodeIgniter->runController()
 8 SYSTEMPATH/CodeIgniter.php(354): CodeIgniter\CodeIgniter->handleRequest()
 9 SYSTEMPATH/Boot.php(334): CodeIgniter\CodeIgniter->run()
10 SYSTEMPATH/Boot.php(67): CodeIgniter\Boot::runCodeIgniter()
11 FCPATH/index.php(59): CodeIgniter\Boot::bootWeb()
12 SYSTEMPATH/rewrite.php(44): require_once('/var/www/html/banglore_best_property_portal/public/index.php')
ERROR - 2025-06-30 05:22:10 --> Error connecting to the database: mysqli_sql_exception: Connection refused in /var/www/html/banglore_best_property_portal/system/Database/MySQLi/Connection.php:203
Stack trace:
#0 /var/www/html/banglore_best_property_portal/system/Database/MySQLi/Connection.php(203): mysqli->real_connect()
#1 /var/www/html/banglore_best_property_portal/system/Database/BaseConnection.php(421): CodeIgniter\Database\MySQLi\Connection->connect()
#2 /var/www/html/banglore_best_property_portal/system/Database/BaseConnection.php(620): CodeIgniter\Database\BaseConnection->initialize()
#3 /var/www/html/banglore_best_property_portal/system/Database/BaseBuilder.php(1649): CodeIgniter\Database\BaseConnection->query()
#4 /var/www/html/banglore_best_property_portal/system/Model.php(286): CodeIgniter\Database\BaseBuilder->get()
#5 /var/www/html/banglore_best_property_portal/system/BaseModel.php(679): CodeIgniter\Model->doFindAll()
#6 /var/www/html/banglore_best_property_portal/app/Controllers/MainController.php(47): CodeIgniter\BaseModel->findAll()
#7 /var/www/html/banglore_best_property_portal/system/CodeIgniter.php(933): App\Controllers\MainController->index()
#8 /var/www/html/banglore_best_property_portal/system/CodeIgniter.php(507): CodeIgniter\CodeIgniter->runController()
#9 /var/www/html/banglore_best_property_portal/system/CodeIgniter.php(354): CodeIgniter\CodeIgniter->handleRequest()
#10 /var/www/html/banglore_best_property_portal/system/Boot.php(334): CodeIgniter\CodeIgniter->run()
#11 /var/www/html/banglore_best_property_portal/system/Boot.php(67): CodeIgniter\Boot::runCodeIgniter()
#12 /var/www/html/banglore_best_property_portal/public/index.php(59): CodeIgniter\Boot::bootWeb()
#13 /var/www/html/banglore_best_property_portal/system/rewrite.php(44): require_once('...')
#14 {main}

Next CodeIgniter\Database\Exceptions\DatabaseException: Connection refused in /var/www/html/banglore_best_property_portal/system/Database/MySQLi/Connection.php:250
Stack trace:
#0 /var/www/html/banglore_best_property_portal/system/Database/BaseConnection.php(421): CodeIgniter\Database\MySQLi\Connection->connect()
#1 /var/www/html/banglore_best_property_portal/system/Database/BaseConnection.php(620): CodeIgniter\Database\BaseConnection->initialize()
#2 /var/www/html/banglore_best_property_portal/system/Database/BaseBuilder.php(1649): CodeIgniter\Database\BaseConnection->query()
#3 /var/www/html/banglore_best_property_portal/system/Model.php(286): CodeIgniter\Database\BaseBuilder->get()
#4 /var/www/html/banglore_best_property_portal/system/BaseModel.php(679): CodeIgniter\Model->doFindAll()
#5 /var/www/html/banglore_best_property_portal/app/Controllers/MainController.php(47): CodeIgniter\BaseModel->findAll()
#6 /var/www/html/banglore_best_property_portal/system/CodeIgniter.php(933): App\Controllers\MainController->index()
#7 /var/www/html/banglore_best_property_portal/system/CodeIgniter.php(507): CodeIgniter\CodeIgniter->runController()
#8 /var/www/html/banglore_best_property_portal/system/CodeIgniter.php(354): CodeIgniter\CodeIgniter->handleRequest()
#9 /var/www/html/banglore_best_property_portal/system/Boot.php(334): CodeIgniter\CodeIgniter->run()
#10 /var/www/html/banglore_best_property_portal/system/Boot.php(67): CodeIgniter\Boot::runCodeIgniter()
#11 /var/www/html/banglore_best_property_portal/public/index.php(59): CodeIgniter\Boot::bootWeb()
#12 /var/www/html/banglore_best_property_portal/system/rewrite.php(44): require_once('...')
#13 {main}
CRITICAL - 2025-06-30 05:22:10 --> CodeIgniter\Database\Exceptions\DatabaseException: Unable to connect to the database.
Main connection [MySQLi]: Connection refused
[Method: GET, Route: /]
in SYSTEMPATH/Database/BaseConnection.php on line 467.
 1 SYSTEMPATH/Database/BaseConnection.php(620): CodeIgniter\Database\BaseConnection->initialize()
 2 SYSTEMPATH/Database/BaseBuilder.php(1649): CodeIgniter\Database\BaseConnection->query()
 3 SYSTEMPATH/Model.php(286): CodeIgniter\Database\BaseBuilder->get()
 4 SYSTEMPATH/BaseModel.php(679): CodeIgniter\Model->doFindAll()
 5 APPPATH/Controllers/MainController.php(47): CodeIgniter\BaseModel->findAll()
 6 SYSTEMPATH/CodeIgniter.php(933): App\Controllers\MainController->index()
 7 SYSTEMPATH/CodeIgniter.php(507): CodeIgniter\CodeIgniter->runController()
 8 SYSTEMPATH/CodeIgniter.php(354): CodeIgniter\CodeIgniter->handleRequest()
 9 SYSTEMPATH/Boot.php(334): CodeIgniter\CodeIgniter->run()
10 SYSTEMPATH/Boot.php(67): CodeIgniter\Boot::runCodeIgniter()
11 FCPATH/index.php(59): CodeIgniter\Boot::bootWeb()
12 SYSTEMPATH/rewrite.php(44): require_once('/var/www/html/banglore_best_property_portal/public/index.php')
ERROR - 2025-06-30 05:22:10 --> Error connecting to the database: mysqli_sql_exception: Connection refused in /var/www/html/banglore_best_property_portal/system/Database/MySQLi/Connection.php:203
Stack trace:
#0 /var/www/html/banglore_best_property_portal/system/Database/MySQLi/Connection.php(203): mysqli->real_connect()
#1 /var/www/html/banglore_best_property_portal/system/Database/BaseConnection.php(421): CodeIgniter\Database\MySQLi\Connection->connect()
#2 /var/www/html/banglore_best_property_portal/system/Database/BaseConnection.php(620): CodeIgniter\Database\BaseConnection->initialize()
#3 /var/www/html/banglore_best_property_portal/system/Database/BaseBuilder.php(1649): CodeIgniter\Database\BaseConnection->query()
#4 /var/www/html/banglore_best_property_portal/system/Model.php(286): CodeIgniter\Database\BaseBuilder->get()
#5 /var/www/html/banglore_best_property_portal/system/BaseModel.php(679): CodeIgniter\Model->doFindAll()
#6 /var/www/html/banglore_best_property_portal/app/Controllers/MainController.php(47): CodeIgniter\BaseModel->findAll()
#7 /var/www/html/banglore_best_property_portal/system/CodeIgniter.php(933): App\Controllers\MainController->index()
#8 /var/www/html/banglore_best_property_portal/system/CodeIgniter.php(507): CodeIgniter\CodeIgniter->runController()
#9 /var/www/html/banglore_best_property_portal/system/CodeIgniter.php(354): CodeIgniter\CodeIgniter->handleRequest()
#10 /var/www/html/banglore_best_property_portal/system/Boot.php(334): CodeIgniter\CodeIgniter->run()
#11 /var/www/html/banglore_best_property_portal/system/Boot.php(67): CodeIgniter\Boot::runCodeIgniter()
#12 /var/www/html/banglore_best_property_portal/public/index.php(59): CodeIgniter\Boot::bootWeb()
#13 /var/www/html/banglore_best_property_portal/system/rewrite.php(44): require_once('...')
#14 {main}

Next CodeIgniter\Database\Exceptions\DatabaseException: Connection refused in /var/www/html/banglore_best_property_portal/system/Database/MySQLi/Connection.php:250
Stack trace:
#0 /var/www/html/banglore_best_property_portal/system/Database/BaseConnection.php(421): CodeIgniter\Database\MySQLi\Connection->connect()
#1 /var/www/html/banglore_best_property_portal/system/Database/BaseConnection.php(620): CodeIgniter\Database\BaseConnection->initialize()
#2 /var/www/html/banglore_best_property_portal/system/Database/BaseBuilder.php(1649): CodeIgniter\Database\BaseConnection->query()
#3 /var/www/html/banglore_best_property_portal/system/Model.php(286): CodeIgniter\Database\BaseBuilder->get()
#4 /var/www/html/banglore_best_property_portal/system/BaseModel.php(679): CodeIgniter\Model->doFindAll()
#5 /var/www/html/banglore_best_property_portal/app/Controllers/MainController.php(47): CodeIgniter\BaseModel->findAll()
#6 /var/www/html/banglore_best_property_portal/system/CodeIgniter.php(933): App\Controllers\MainController->index()
#7 /var/www/html/banglore_best_property_portal/system/CodeIgniter.php(507): CodeIgniter\CodeIgniter->runController()
#8 /var/www/html/banglore_best_property_portal/system/CodeIgniter.php(354): CodeIgniter\CodeIgniter->handleRequest()
#9 /var/www/html/banglore_best_property_portal/system/Boot.php(334): CodeIgniter\CodeIgniter->run()
#10 /var/www/html/banglore_best_property_portal/system/Boot.php(67): CodeIgniter\Boot::runCodeIgniter()
#11 /var/www/html/banglore_best_property_portal/public/index.php(59): CodeIgniter\Boot::bootWeb()
#12 /var/www/html/banglore_best_property_portal/system/rewrite.php(44): require_once('...')
#13 {main}
CRITICAL - 2025-06-30 05:22:10 --> CodeIgniter\Database\Exceptions\DatabaseException: Unable to connect to the database.
Main connection [MySQLi]: Connection refused
[Method: GET, Route: /]
in SYSTEMPATH/Database/BaseConnection.php on line 467.
 1 SYSTEMPATH/Database/BaseConnection.php(620): CodeIgniter\Database\BaseConnection->initialize()
 2 SYSTEMPATH/Database/BaseBuilder.php(1649): CodeIgniter\Database\BaseConnection->query()
 3 SYSTEMPATH/Model.php(286): CodeIgniter\Database\BaseBuilder->get()
 4 SYSTEMPATH/BaseModel.php(679): CodeIgniter\Model->doFindAll()
 5 APPPATH/Controllers/MainController.php(47): CodeIgniter\BaseModel->findAll()
 6 SYSTEMPATH/CodeIgniter.php(933): App\Controllers\MainController->index()
 7 SYSTEMPATH/CodeIgniter.php(507): CodeIgniter\CodeIgniter->runController()
 8 SYSTEMPATH/CodeIgniter.php(354): CodeIgniter\CodeIgniter->handleRequest()
 9 SYSTEMPATH/Boot.php(334): CodeIgniter\CodeIgniter->run()
10 SYSTEMPATH/Boot.php(67): CodeIgniter\Boot::runCodeIgniter()
11 FCPATH/index.php(59): CodeIgniter\Boot::bootWeb()
12 SYSTEMPATH/rewrite.php(44): require_once('/var/www/html/banglore_best_property_portal/public/index.php')
ERROR - 2025-06-30 05:22:10 --> Error connecting to the database: mysqli_sql_exception: Connection refused in /var/www/html/banglore_best_property_portal/system/Database/MySQLi/Connection.php:203
Stack trace:
#0 /var/www/html/banglore_best_property_portal/system/Database/MySQLi/Connection.php(203): mysqli->real_connect()
#1 /var/www/html/banglore_best_property_portal/system/Database/BaseConnection.php(421): CodeIgniter\Database\MySQLi\Connection->connect()
#2 /var/www/html/banglore_best_property_portal/system/Database/BaseConnection.php(620): CodeIgniter\Database\BaseConnection->initialize()
#3 /var/www/html/banglore_best_property_portal/system/Database/BaseBuilder.php(1649): CodeIgniter\Database\BaseConnection->query()
#4 /var/www/html/banglore_best_property_portal/system/Model.php(286): CodeIgniter\Database\BaseBuilder->get()
#5 /var/www/html/banglore_best_property_portal/system/BaseModel.php(679): CodeIgniter\Model->doFindAll()
#6 /var/www/html/banglore_best_property_portal/app/Controllers/MainController.php(47): CodeIgniter\BaseModel->findAll()
#7 /var/www/html/banglore_best_property_portal/system/CodeIgniter.php(933): App\Controllers\MainController->index()
#8 /var/www/html/banglore_best_property_portal/system/CodeIgniter.php(507): CodeIgniter\CodeIgniter->runController()
#9 /var/www/html/banglore_best_property_portal/system/CodeIgniter.php(354): CodeIgniter\CodeIgniter->handleRequest()
#10 /var/www/html/banglore_best_property_portal/system/Boot.php(334): CodeIgniter\CodeIgniter->run()
#11 /var/www/html/banglore_best_property_portal/system/Boot.php(67): CodeIgniter\Boot::runCodeIgniter()
#12 /var/www/html/banglore_best_property_portal/public/index.php(59): CodeIgniter\Boot::bootWeb()
#13 /var/www/html/banglore_best_property_portal/system/rewrite.php(44): require_once('...')
#14 {main}

Next CodeIgniter\Database\Exceptions\DatabaseException: Connection refused in /var/www/html/banglore_best_property_portal/system/Database/MySQLi/Connection.php:250
Stack trace:
#0 /var/www/html/banglore_best_property_portal/system/Database/BaseConnection.php(421): CodeIgniter\Database\MySQLi\Connection->connect()
#1 /var/www/html/banglore_best_property_portal/system/Database/BaseConnection.php(620): CodeIgniter\Database\BaseConnection->initialize()
#2 /var/www/html/banglore_best_property_portal/system/Database/BaseBuilder.php(1649): CodeIgniter\Database\BaseConnection->query()
#3 /var/www/html/banglore_best_property_portal/system/Model.php(286): CodeIgniter\Database\BaseBuilder->get()
#4 /var/www/html/banglore_best_property_portal/system/BaseModel.php(679): CodeIgniter\Model->doFindAll()
#5 /var/www/html/banglore_best_property_portal/app/Controllers/MainController.php(47): CodeIgniter\BaseModel->findAll()
#6 /var/www/html/banglore_best_property_portal/system/CodeIgniter.php(933): App\Controllers\MainController->index()
#7 /var/www/html/banglore_best_property_portal/system/CodeIgniter.php(507): CodeIgniter\CodeIgniter->runController()
#8 /var/www/html/banglore_best_property_portal/system/CodeIgniter.php(354): CodeIgniter\CodeIgniter->handleRequest()
#9 /var/www/html/banglore_best_property_portal/system/Boot.php(334): CodeIgniter\CodeIgniter->run()
#10 /var/www/html/banglore_best_property_portal/system/Boot.php(67): CodeIgniter\Boot::runCodeIgniter()
#11 /var/www/html/banglore_best_property_portal/public/index.php(59): CodeIgniter\Boot::bootWeb()
#12 /var/www/html/banglore_best_property_portal/system/rewrite.php(44): require_once('...')
#13 {main}
CRITICAL - 2025-06-30 05:22:10 --> CodeIgniter\Database\Exceptions\DatabaseException: Unable to connect to the database.
Main connection [MySQLi]: Connection refused
[Method: GET, Route: /]
in SYSTEMPATH/Database/BaseConnection.php on line 467.
 1 SYSTEMPATH/Database/BaseConnection.php(620): CodeIgniter\Database\BaseConnection->initialize()
 2 SYSTEMPATH/Database/BaseBuilder.php(1649): CodeIgniter\Database\BaseConnection->query()
 3 SYSTEMPATH/Model.php(286): CodeIgniter\Database\BaseBuilder->get()
 4 SYSTEMPATH/BaseModel.php(679): CodeIgniter\Model->doFindAll()
 5 APPPATH/Controllers/MainController.php(47): CodeIgniter\BaseModel->findAll()
 6 SYSTEMPATH/CodeIgniter.php(933): App\Controllers\MainController->index()
 7 SYSTEMPATH/CodeIgniter.php(507): CodeIgniter\CodeIgniter->runController()
 8 SYSTEMPATH/CodeIgniter.php(354): CodeIgniter\CodeIgniter->handleRequest()
 9 SYSTEMPATH/Boot.php(334): CodeIgniter\CodeIgniter->run()
10 SYSTEMPATH/Boot.php(67): CodeIgniter\Boot::runCodeIgniter()
11 FCPATH/index.php(59): CodeIgniter\Boot::bootWeb()
12 SYSTEMPATH/rewrite.php(44): require_once('/var/www/html/banglore_best_property_portal/public/index.php')
ERROR - 2025-06-30 05:22:10 --> Error connecting to the database: mysqli_sql_exception: Connection refused in /var/www/html/banglore_best_property_portal/system/Database/MySQLi/Connection.php:203
Stack trace:
#0 /var/www/html/banglore_best_property_portal/system/Database/MySQLi/Connection.php(203): mysqli->real_connect()
#1 /var/www/html/banglore_best_property_portal/system/Database/BaseConnection.php(421): CodeIgniter\Database\MySQLi\Connection->connect()
#2 /var/www/html/banglore_best_property_portal/system/Database/BaseConnection.php(620): CodeIgniter\Database\BaseConnection->initialize()
#3 /var/www/html/banglore_best_property_portal/system/Database/BaseBuilder.php(1649): CodeIgniter\Database\BaseConnection->query()
#4 /var/www/html/banglore_best_property_portal/system/Model.php(286): CodeIgniter\Database\BaseBuilder->get()
#5 /var/www/html/banglore_best_property_portal/system/BaseModel.php(679): CodeIgniter\Model->doFindAll()
#6 /var/www/html/banglore_best_property_portal/app/Controllers/MainController.php(47): CodeIgniter\BaseModel->findAll()
#7 /var/www/html/banglore_best_property_portal/system/CodeIgniter.php(933): App\Controllers\MainController->index()
#8 /var/www/html/banglore_best_property_portal/system/CodeIgniter.php(507): CodeIgniter\CodeIgniter->runController()
#9 /var/www/html/banglore_best_property_portal/system/CodeIgniter.php(354): CodeIgniter\CodeIgniter->handleRequest()
#10 /var/www/html/banglore_best_property_portal/system/Boot.php(334): CodeIgniter\CodeIgniter->run()
#11 /var/www/html/banglore_best_property_portal/system/Boot.php(67): CodeIgniter\Boot::runCodeIgniter()
#12 /var/www/html/banglore_best_property_portal/public/index.php(59): CodeIgniter\Boot::bootWeb()
#13 /var/www/html/banglore_best_property_portal/system/rewrite.php(44): require_once('...')
#14 {main}

Next CodeIgniter\Database\Exceptions\DatabaseException: Connection refused in /var/www/html/banglore_best_property_portal/system/Database/MySQLi/Connection.php:250
Stack trace:
#0 /var/www/html/banglore_best_property_portal/system/Database/BaseConnection.php(421): CodeIgniter\Database\MySQLi\Connection->connect()
#1 /var/www/html/banglore_best_property_portal/system/Database/BaseConnection.php(620): CodeIgniter\Database\BaseConnection->initialize()
#2 /var/www/html/banglore_best_property_portal/system/Database/BaseBuilder.php(1649): CodeIgniter\Database\BaseConnection->query()
#3 /var/www/html/banglore_best_property_portal/system/Model.php(286): CodeIgniter\Database\BaseBuilder->get()
#4 /var/www/html/banglore_best_property_portal/system/BaseModel.php(679): CodeIgniter\Model->doFindAll()
#5 /var/www/html/banglore_best_property_portal/app/Controllers/MainController.php(47): CodeIgniter\BaseModel->findAll()
#6 /var/www/html/banglore_best_property_portal/system/CodeIgniter.php(933): App\Controllers\MainController->index()
#7 /var/www/html/banglore_best_property_portal/system/CodeIgniter.php(507): CodeIgniter\CodeIgniter->runController()
#8 /var/www/html/banglore_best_property_portal/system/CodeIgniter.php(354): CodeIgniter\CodeIgniter->handleRequest()
#9 /var/www/html/banglore_best_property_portal/system/Boot.php(334): CodeIgniter\CodeIgniter->run()
#10 /var/www/html/banglore_best_property_portal/system/Boot.php(67): CodeIgniter\Boot::runCodeIgniter()
#11 /var/www/html/banglore_best_property_portal/public/index.php(59): CodeIgniter\Boot::bootWeb()
#12 /var/www/html/banglore_best_property_portal/system/rewrite.php(44): require_once('...')
#13 {main}
CRITICAL - 2025-06-30 05:22:10 --> CodeIgniter\Database\Exceptions\DatabaseException: Unable to connect to the database.
Main connection [MySQLi]: Connection refused
[Method: GET, Route: /]
in SYSTEMPATH/Database/BaseConnection.php on line 467.
 1 SYSTEMPATH/Database/BaseConnection.php(620): CodeIgniter\Database\BaseConnection->initialize()
 2 SYSTEMPATH/Database/BaseBuilder.php(1649): CodeIgniter\Database\BaseConnection->query()
 3 SYSTEMPATH/Model.php(286): CodeIgniter\Database\BaseBuilder->get()
 4 SYSTEMPATH/BaseModel.php(679): CodeIgniter\Model->doFindAll()
 5 APPPATH/Controllers/MainController.php(47): CodeIgniter\BaseModel->findAll()
 6 SYSTEMPATH/CodeIgniter.php(933): App\Controllers\MainController->index()
 7 SYSTEMPATH/CodeIgniter.php(507): CodeIgniter\CodeIgniter->runController()
 8 SYSTEMPATH/CodeIgniter.php(354): CodeIgniter\CodeIgniter->handleRequest()
 9 SYSTEMPATH/Boot.php(334): CodeIgniter\CodeIgniter->run()
10 SYSTEMPATH/Boot.php(67): CodeIgniter\Boot::runCodeIgniter()
11 FCPATH/index.php(59): CodeIgniter\Boot::bootWeb()
12 SYSTEMPATH/rewrite.php(44): require_once('/var/www/html/banglore_best_property_portal/public/index.php')
ERROR - 2025-06-30 05:22:11 --> Error connecting to the database: mysqli_sql_exception: Connection refused in /var/www/html/banglore_best_property_portal/system/Database/MySQLi/Connection.php:203
Stack trace:
#0 /var/www/html/banglore_best_property_portal/system/Database/MySQLi/Connection.php(203): mysqli->real_connect()
#1 /var/www/html/banglore_best_property_portal/system/Database/BaseConnection.php(421): CodeIgniter\Database\MySQLi\Connection->connect()
#2 /var/www/html/banglore_best_property_portal/system/Database/BaseConnection.php(620): CodeIgniter\Database\BaseConnection->initialize()
#3 /var/www/html/banglore_best_property_portal/system/Database/BaseBuilder.php(1649): CodeIgniter\Database\BaseConnection->query()
#4 /var/www/html/banglore_best_property_portal/system/Model.php(286): CodeIgniter\Database\BaseBuilder->get()
#5 /var/www/html/banglore_best_property_portal/system/BaseModel.php(679): CodeIgniter\Model->doFindAll()
#6 /var/www/html/banglore_best_property_portal/app/Controllers/MainController.php(47): CodeIgniter\BaseModel->findAll()
#7 /var/www/html/banglore_best_property_portal/system/CodeIgniter.php(933): App\Controllers\MainController->index()
#8 /var/www/html/banglore_best_property_portal/system/CodeIgniter.php(507): CodeIgniter\CodeIgniter->runController()
#9 /var/www/html/banglore_best_property_portal/system/CodeIgniter.php(354): CodeIgniter\CodeIgniter->handleRequest()
#10 /var/www/html/banglore_best_property_portal/system/Boot.php(334): CodeIgniter\CodeIgniter->run()
#11 /var/www/html/banglore_best_property_portal/system/Boot.php(67): CodeIgniter\Boot::runCodeIgniter()
#12 /var/www/html/banglore_best_property_portal/public/index.php(59): CodeIgniter\Boot::bootWeb()
#13 /var/www/html/banglore_best_property_portal/system/rewrite.php(44): require_once('...')
#14 {main}

Next CodeIgniter\Database\Exceptions\DatabaseException: Connection refused in /var/www/html/banglore_best_property_portal/system/Database/MySQLi/Connection.php:250
Stack trace:
#0 /var/www/html/banglore_best_property_portal/system/Database/BaseConnection.php(421): CodeIgniter\Database\MySQLi\Connection->connect()
#1 /var/www/html/banglore_best_property_portal/system/Database/BaseConnection.php(620): CodeIgniter\Database\BaseConnection->initialize()
#2 /var/www/html/banglore_best_property_portal/system/Database/BaseBuilder.php(1649): CodeIgniter\Database\BaseConnection->query()
#3 /var/www/html/banglore_best_property_portal/system/Model.php(286): CodeIgniter\Database\BaseBuilder->get()
#4 /var/www/html/banglore_best_property_portal/system/BaseModel.php(679): CodeIgniter\Model->doFindAll()
#5 /var/www/html/banglore_best_property_portal/app/Controllers/MainController.php(47): CodeIgniter\BaseModel->findAll()
#6 /var/www/html/banglore_best_property_portal/system/CodeIgniter.php(933): App\Controllers\MainController->index()
#7 /var/www/html/banglore_best_property_portal/system/CodeIgniter.php(507): CodeIgniter\CodeIgniter->runController()
#8 /var/www/html/banglore_best_property_portal/system/CodeIgniter.php(354): CodeIgniter\CodeIgniter->handleRequest()
#9 /var/www/html/banglore_best_property_portal/system/Boot.php(334): CodeIgniter\CodeIgniter->run()
#10 /var/www/html/banglore_best_property_portal/system/Boot.php(67): CodeIgniter\Boot::runCodeIgniter()
#11 /var/www/html/banglore_best_property_portal/public/index.php(59): CodeIgniter\Boot::bootWeb()
#12 /var/www/html/banglore_best_property_portal/system/rewrite.php(44): require_once('...')
#13 {main}
CRITICAL - 2025-06-30 05:22:11 --> CodeIgniter\Database\Exceptions\DatabaseException: Unable to connect to the database.
Main connection [MySQLi]: Connection refused
[Method: GET, Route: /]
in SYSTEMPATH/Database/BaseConnection.php on line 467.
 1 SYSTEMPATH/Database/BaseConnection.php(620): CodeIgniter\Database\BaseConnection->initialize()
 2 SYSTEMPATH/Database/BaseBuilder.php(1649): CodeIgniter\Database\BaseConnection->query()
 3 SYSTEMPATH/Model.php(286): CodeIgniter\Database\BaseBuilder->get()
 4 SYSTEMPATH/BaseModel.php(679): CodeIgniter\Model->doFindAll()
 5 APPPATH/Controllers/MainController.php(47): CodeIgniter\BaseModel->findAll()
 6 SYSTEMPATH/CodeIgniter.php(933): App\Controllers\MainController->index()
 7 SYSTEMPATH/CodeIgniter.php(507): CodeIgniter\CodeIgniter->runController()
 8 SYSTEMPATH/CodeIgniter.php(354): CodeIgniter\CodeIgniter->handleRequest()
 9 SYSTEMPATH/Boot.php(334): CodeIgniter\CodeIgniter->run()
10 SYSTEMPATH/Boot.php(67): CodeIgniter\Boot::runCodeIgniter()
11 FCPATH/index.php(59): CodeIgniter\Boot::bootWeb()
12 SYSTEMPATH/rewrite.php(44): require_once('/var/www/html/banglore_best_property_portal/public/index.php')
ERROR - 2025-06-30 05:22:35 --> Error connecting to the database: mysqli_sql_exception: Connection refused in /var/www/html/banglore_best_property_portal/system/Database/MySQLi/Connection.php:203
Stack trace:
#0 /var/www/html/banglore_best_property_portal/system/Database/MySQLi/Connection.php(203): mysqli->real_connect()
#1 /var/www/html/banglore_best_property_portal/system/Database/BaseConnection.php(421): CodeIgniter\Database\MySQLi\Connection->connect()
#2 /var/www/html/banglore_best_property_portal/system/Database/BaseConnection.php(620): CodeIgniter\Database\BaseConnection->initialize()
#3 /var/www/html/banglore_best_property_portal/system/Database/BaseBuilder.php(1649): CodeIgniter\Database\BaseConnection->query()
#4 /var/www/html/banglore_best_property_portal/system/Model.php(286): CodeIgniter\Database\BaseBuilder->get()
#5 /var/www/html/banglore_best_property_portal/system/BaseModel.php(679): CodeIgniter\Model->doFindAll()
#6 /var/www/html/banglore_best_property_portal/app/Controllers/MainController.php(47): CodeIgniter\BaseModel->findAll()
#7 /var/www/html/banglore_best_property_portal/system/CodeIgniter.php(933): App\Controllers\MainController->index()
#8 /var/www/html/banglore_best_property_portal/system/CodeIgniter.php(507): CodeIgniter\CodeIgniter->runController()
#9 /var/www/html/banglore_best_property_portal/system/CodeIgniter.php(354): CodeIgniter\CodeIgniter->handleRequest()
#10 /var/www/html/banglore_best_property_portal/system/Boot.php(334): CodeIgniter\CodeIgniter->run()
#11 /var/www/html/banglore_best_property_portal/system/Boot.php(67): CodeIgniter\Boot::runCodeIgniter()
#12 /var/www/html/banglore_best_property_portal/public/index.php(59): CodeIgniter\Boot::bootWeb()
#13 /var/www/html/banglore_best_property_portal/system/rewrite.php(44): require_once('...')
#14 {main}

Next CodeIgniter\Database\Exceptions\DatabaseException: Connection refused in /var/www/html/banglore_best_property_portal/system/Database/MySQLi/Connection.php:250
Stack trace:
#0 /var/www/html/banglore_best_property_portal/system/Database/BaseConnection.php(421): CodeIgniter\Database\MySQLi\Connection->connect()
#1 /var/www/html/banglore_best_property_portal/system/Database/BaseConnection.php(620): CodeIgniter\Database\BaseConnection->initialize()
#2 /var/www/html/banglore_best_property_portal/system/Database/BaseBuilder.php(1649): CodeIgniter\Database\BaseConnection->query()
#3 /var/www/html/banglore_best_property_portal/system/Model.php(286): CodeIgniter\Database\BaseBuilder->get()
#4 /var/www/html/banglore_best_property_portal/system/BaseModel.php(679): CodeIgniter\Model->doFindAll()
#5 /var/www/html/banglore_best_property_portal/app/Controllers/MainController.php(47): CodeIgniter\BaseModel->findAll()
#6 /var/www/html/banglore_best_property_portal/system/CodeIgniter.php(933): App\Controllers\MainController->index()
#7 /var/www/html/banglore_best_property_portal/system/CodeIgniter.php(507): CodeIgniter\CodeIgniter->runController()
#8 /var/www/html/banglore_best_property_portal/system/CodeIgniter.php(354): CodeIgniter\CodeIgniter->handleRequest()
#9 /var/www/html/banglore_best_property_portal/system/Boot.php(334): CodeIgniter\CodeIgniter->run()
#10 /var/www/html/banglore_best_property_portal/system/Boot.php(67): CodeIgniter\Boot::runCodeIgniter()
#11 /var/www/html/banglore_best_property_portal/public/index.php(59): CodeIgniter\Boot::bootWeb()
#12 /var/www/html/banglore_best_property_portal/system/rewrite.php(44): require_once('...')
#13 {main}
CRITICAL - 2025-06-30 05:22:35 --> CodeIgniter\Database\Exceptions\DatabaseException: Unable to connect to the database.
Main connection [MySQLi]: Connection refused
[Method: GET, Route: /]
in SYSTEMPATH/Database/BaseConnection.php on line 467.
 1 SYSTEMPATH/Database/BaseConnection.php(620): CodeIgniter\Database\BaseConnection->initialize()
 2 SYSTEMPATH/Database/BaseBuilder.php(1649): CodeIgniter\Database\BaseConnection->query()
 3 SYSTEMPATH/Model.php(286): CodeIgniter\Database\BaseBuilder->get()
 4 SYSTEMPATH/BaseModel.php(679): CodeIgniter\Model->doFindAll()
 5 APPPATH/Controllers/MainController.php(47): CodeIgniter\BaseModel->findAll()
 6 SYSTEMPATH/CodeIgniter.php(933): App\Controllers\MainController->index()
 7 SYSTEMPATH/CodeIgniter.php(507): CodeIgniter\CodeIgniter->runController()
 8 SYSTEMPATH/CodeIgniter.php(354): CodeIgniter\CodeIgniter->handleRequest()
 9 SYSTEMPATH/Boot.php(334): CodeIgniter\CodeIgniter->run()
10 SYSTEMPATH/Boot.php(67): CodeIgniter\Boot::runCodeIgniter()
11 FCPATH/index.php(59): CodeIgniter\Boot::bootWeb()
12 SYSTEMPATH/rewrite.php(44): require_once('/var/www/html/banglore_best_property_portal/public/index.php')
WARNING - 2025-06-30 05:23:42 --> [DEPRECATED] pathinfo(): Passing null to parameter #1 ($path) of type string is deprecated in APPPATH/Views/property_details.php on line 672.
 1 APPPATH/Views/property_details.php(672): pathinfo(null, 4)
 2 SYSTEMPATH/View/View.php(224): include('/var/www/html/banglore_best_property_portal/app/Views/property_details.php')
 3 SYSTEMPATH/View/View.php(227): CodeIgniter\View\View->CodeIgniter\View\{closure}()
 4 SYSTEMPATH/Common.php(1173): CodeIgniter\View\View->render('property_details', [], true)
 5 APPPATH/Views/layout/templates.php(4): view('property_details')
 6 SYSTEMPATH/View/View.php(224): include('/var/www/html/banglore_best_property_portal/app/Views/layout/templates.php')
 7 SYSTEMPATH/View/View.php(227): CodeIgniter\View\View->CodeIgniter\View\{closure}()
 8 SYSTEMPATH/Common.php(1173): CodeIgniter\View\View->render('layout/templates', [], true)
 9 APPPATH/Controllers/MainController.php(330): view('layout/templates', [...])
10 SYSTEMPATH/CodeIgniter.php(933): App\Controllers\MainController->propertyDetails('118')
11 SYSTEMPATH/CodeIgniter.php(507): CodeIgniter\CodeIgniter->runController(Object(App\Controllers\MainController))
12 SYSTEMPATH/CodeIgniter.php(354): CodeIgniter\CodeIgniter->handleRequest(null, Object(Config\Cache), false)
13 SYSTEMPATH/Boot.php(334): CodeIgniter\CodeIgniter->run()
14 SYSTEMPATH/Boot.php(67): CodeIgniter\Boot::runCodeIgniter(Object(CodeIgniter\CodeIgniter))
15 FCPATH/index.php(59): CodeIgniter\Boot::bootWeb(Object(Config\Paths))
16 SYSTEMPATH/rewrite.php(44): require_once('/var/www/html/banglore_best_property_portal/public/index.php')
WARNING - 2025-06-30 05:23:42 --> [DEPRECATED] pathinfo(): Passing null to parameter #1 ($path) of type string is deprecated in APPPATH/Views/property_details.php on line 672.
 1 APPPATH/Views/property_details.php(672): pathinfo(null, 4)
 2 SYSTEMPATH/View/View.php(224): include('/var/www/html/banglore_best_property_portal/app/Views/property_details.php')
 3 SYSTEMPATH/View/View.php(227): CodeIgniter\View\View->CodeIgniter\View\{closure}()
 4 SYSTEMPATH/Common.php(1173): CodeIgniter\View\View->render('property_details', [], true)
 5 APPPATH/Views/layout/templates.php(4): view('property_details')
 6 SYSTEMPATH/View/View.php(224): include('/var/www/html/banglore_best_property_portal/app/Views/layout/templates.php')
 7 SYSTEMPATH/View/View.php(227): CodeIgniter\View\View->CodeIgniter\View\{closure}()
 8 SYSTEMPATH/Common.php(1173): CodeIgniter\View\View->render('layout/templates', [], true)
 9 APPPATH/Controllers/MainController.php(330): view('layout/templates', [...])
10 SYSTEMPATH/CodeIgniter.php(933): App\Controllers\MainController->propertyDetails('118')
11 SYSTEMPATH/CodeIgniter.php(507): CodeIgniter\CodeIgniter->runController(Object(App\Controllers\MainController))
12 SYSTEMPATH/CodeIgniter.php(354): CodeIgniter\CodeIgniter->handleRequest(null, Object(Config\Cache), false)
13 SYSTEMPATH/Boot.php(334): CodeIgniter\CodeIgniter->run()
14 SYSTEMPATH/Boot.php(67): CodeIgniter\Boot::runCodeIgniter(Object(CodeIgniter\CodeIgniter))
15 FCPATH/index.php(59): CodeIgniter\Boot::bootWeb(Object(Config\Paths))
16 SYSTEMPATH/rewrite.php(44): require_once('/var/www/html/banglore_best_property_portal/public/index.php')
WARNING - 2025-06-30 05:23:42 --> [DEPRECATED] pathinfo(): Passing null to parameter #1 ($path) of type string is deprecated in APPPATH/Views/property_details.php on line 672.
 1 APPPATH/Views/property_details.php(672): pathinfo(null, 4)
 2 SYSTEMPATH/View/View.php(224): include('/var/www/html/banglore_best_property_portal/app/Views/property_details.php')
 3 SYSTEMPATH/View/View.php(227): CodeIgniter\View\View->CodeIgniter\View\{closure}()
 4 SYSTEMPATH/Common.php(1173): CodeIgniter\View\View->render('property_details', [], true)
 5 APPPATH/Views/layout/templates.php(4): view('property_details')
 6 SYSTEMPATH/View/View.php(224): include('/var/www/html/banglore_best_property_portal/app/Views/layout/templates.php')
 7 SYSTEMPATH/View/View.php(227): CodeIgniter\View\View->CodeIgniter\View\{closure}()
 8 SYSTEMPATH/Common.php(1173): CodeIgniter\View\View->render('layout/templates', [], true)
 9 APPPATH/Controllers/MainController.php(330): view('layout/templates', [...])
10 SYSTEMPATH/CodeIgniter.php(933): App\Controllers\MainController->propertyDetails('118')
11 SYSTEMPATH/CodeIgniter.php(507): CodeIgniter\CodeIgniter->runController(Object(App\Controllers\MainController))
12 SYSTEMPATH/CodeIgniter.php(354): CodeIgniter\CodeIgniter->handleRequest(null, Object(Config\Cache), false)
13 SYSTEMPATH/Boot.php(334): CodeIgniter\CodeIgniter->run()
14 SYSTEMPATH/Boot.php(67): CodeIgniter\Boot::runCodeIgniter(Object(CodeIgniter\CodeIgniter))
15 FCPATH/index.php(59): CodeIgniter\Boot::bootWeb(Object(Config\Paths))
16 SYSTEMPATH/rewrite.php(44): require_once('/var/www/html/banglore_best_property_portal/public/index.php')
WARNING - 2025-06-30 05:23:42 --> [DEPRECATED] pathinfo(): Passing null to parameter #1 ($path) of type string is deprecated in APPPATH/Views/property_details.php on line 672.
 1 APPPATH/Views/property_details.php(672): pathinfo(null, 4)
 2 SYSTEMPATH/View/View.php(224): include('/var/www/html/banglore_best_property_portal/app/Views/property_details.php')
 3 SYSTEMPATH/View/View.php(227): CodeIgniter\View\View->CodeIgniter\View\{closure}()
 4 SYSTEMPATH/Common.php(1173): CodeIgniter\View\View->render('property_details', [], true)
 5 APPPATH/Views/layout/templates.php(4): view('property_details')
 6 SYSTEMPATH/View/View.php(224): include('/var/www/html/banglore_best_property_portal/app/Views/layout/templates.php')
 7 SYSTEMPATH/View/View.php(227): CodeIgniter\View\View->CodeIgniter\View\{closure}()
 8 SYSTEMPATH/Common.php(1173): CodeIgniter\View\View->render('layout/templates', [], true)
 9 APPPATH/Controllers/MainController.php(330): view('layout/templates', [...])
10 SYSTEMPATH/CodeIgniter.php(933): App\Controllers\MainController->propertyDetails('118')
11 SYSTEMPATH/CodeIgniter.php(507): CodeIgniter\CodeIgniter->runController(Object(App\Controllers\MainController))
12 SYSTEMPATH/CodeIgniter.php(354): CodeIgniter\CodeIgniter->handleRequest(null, Object(Config\Cache), false)
13 SYSTEMPATH/Boot.php(334): CodeIgniter\CodeIgniter->run()
14 SYSTEMPATH/Boot.php(67): CodeIgniter\Boot::runCodeIgniter(Object(CodeIgniter\CodeIgniter))
15 FCPATH/index.php(59): CodeIgniter\Boot::bootWeb(Object(Config\Paths))
16 SYSTEMPATH/rewrite.php(44): require_once('/var/www/html/banglore_best_property_portal/public/index.php')
WARNING - 2025-06-30 05:23:42 --> [DEPRECATED] pathinfo(): Passing null to parameter #1 ($path) of type string is deprecated in APPPATH/Views/property_details.php on line 672.
 1 APPPATH/Views/property_details.php(672): pathinfo(null, 4)
 2 SYSTEMPATH/View/View.php(224): include('/var/www/html/banglore_best_property_portal/app/Views/property_details.php')
 3 SYSTEMPATH/View/View.php(227): CodeIgniter\View\View->CodeIgniter\View\{closure}()
 4 SYSTEMPATH/Common.php(1173): CodeIgniter\View\View->render('property_details', [], true)
 5 APPPATH/Views/layout/templates.php(4): view('property_details')
 6 SYSTEMPATH/View/View.php(224): include('/var/www/html/banglore_best_property_portal/app/Views/layout/templates.php')
 7 SYSTEMPATH/View/View.php(227): CodeIgniter\View\View->CodeIgniter\View\{closure}()
 8 SYSTEMPATH/Common.php(1173): CodeIgniter\View\View->render('layout/templates', [], true)
 9 APPPATH/Controllers/MainController.php(330): view('layout/templates', [...])
10 SYSTEMPATH/CodeIgniter.php(933): App\Controllers\MainController->propertyDetails('118')
11 SYSTEMPATH/CodeIgniter.php(507): CodeIgniter\CodeIgniter->runController(Object(App\Controllers\MainController))
12 SYSTEMPATH/CodeIgniter.php(354): CodeIgniter\CodeIgniter->handleRequest(null, Object(Config\Cache), false)
13 SYSTEMPATH/Boot.php(334): CodeIgniter\CodeIgniter->run()
14 SYSTEMPATH/Boot.php(67): CodeIgniter\Boot::runCodeIgniter(Object(CodeIgniter\CodeIgniter))
15 FCPATH/index.php(59): CodeIgniter\Boot::bootWeb(Object(Config\Paths))
16 SYSTEMPATH/rewrite.php(44): require_once('/var/www/html/banglore_best_property_portal/public/index.php')
WARNING - 2025-06-30 05:23:42 --> [DEPRECATED] pathinfo(): Passing null to parameter #1 ($path) of type string is deprecated in APPPATH/Views/property_details.php on line 672.
 1 APPPATH/Views/property_details.php(672): pathinfo(null, 4)
 2 SYSTEMPATH/View/View.php(224): include('/var/www/html/banglore_best_property_portal/app/Views/property_details.php')
 3 SYSTEMPATH/View/View.php(227): CodeIgniter\View\View->CodeIgniter\View\{closure}()
 4 SYSTEMPATH/Common.php(1173): CodeIgniter\View\View->render('property_details', [], true)
 5 APPPATH/Views/layout/templates.php(4): view('property_details')
 6 SYSTEMPATH/View/View.php(224): include('/var/www/html/banglore_best_property_portal/app/Views/layout/templates.php')
 7 SYSTEMPATH/View/View.php(227): CodeIgniter\View\View->CodeIgniter\View\{closure}()
 8 SYSTEMPATH/Common.php(1173): CodeIgniter\View\View->render('layout/templates', [], true)
 9 APPPATH/Controllers/MainController.php(330): view('layout/templates', [...])
10 SYSTEMPATH/CodeIgniter.php(933): App\Controllers\MainController->propertyDetails('118')
11 SYSTEMPATH/CodeIgniter.php(507): CodeIgniter\CodeIgniter->runController(Object(App\Controllers\MainController))
12 SYSTEMPATH/CodeIgniter.php(354): CodeIgniter\CodeIgniter->handleRequest(null, Object(Config\Cache), false)
13 SYSTEMPATH/Boot.php(334): CodeIgniter\CodeIgniter->run()
14 SYSTEMPATH/Boot.php(67): CodeIgniter\Boot::runCodeIgniter(Object(CodeIgniter\CodeIgniter))
15 FCPATH/index.php(59): CodeIgniter\Boot::bootWeb(Object(Config\Paths))
16 SYSTEMPATH/rewrite.php(44): require_once('/var/www/html/banglore_best_property_portal/public/index.php')
WARNING - 2025-06-30 05:23:42 --> [DEPRECATED] pathinfo(): Passing null to parameter #1 ($path) of type string is deprecated in APPPATH/Views/property_details.php on line 672.
 1 APPPATH/Views/property_details.php(672): pathinfo(null, 4)
 2 SYSTEMPATH/View/View.php(224): include('/var/www/html/banglore_best_property_portal/app/Views/property_details.php')
 3 SYSTEMPATH/View/View.php(227): CodeIgniter\View\View->CodeIgniter\View\{closure}()
 4 SYSTEMPATH/Common.php(1173): CodeIgniter\View\View->render('property_details', [], true)
 5 APPPATH/Views/layout/templates.php(4): view('property_details')
 6 SYSTEMPATH/View/View.php(224): include('/var/www/html/banglore_best_property_portal/app/Views/layout/templates.php')
 7 SYSTEMPATH/View/View.php(227): CodeIgniter\View\View->CodeIgniter\View\{closure}()
 8 SYSTEMPATH/Common.php(1173): CodeIgniter\View\View->render('layout/templates', [], true)
 9 APPPATH/Controllers/MainController.php(330): view('layout/templates', [...])
10 SYSTEMPATH/CodeIgniter.php(933): App\Controllers\MainController->propertyDetails('118')
11 SYSTEMPATH/CodeIgniter.php(507): CodeIgniter\CodeIgniter->runController(Object(App\Controllers\MainController))
12 SYSTEMPATH/CodeIgniter.php(354): CodeIgniter\CodeIgniter->handleRequest(null, Object(Config\Cache), false)
13 SYSTEMPATH/Boot.php(334): CodeIgniter\CodeIgniter->run()
14 SYSTEMPATH/Boot.php(67): CodeIgniter\Boot::runCodeIgniter(Object(CodeIgniter\CodeIgniter))
15 FCPATH/index.php(59): CodeIgniter\Boot::bootWeb(Object(Config\Paths))
16 SYSTEMPATH/rewrite.php(44): require_once('/var/www/html/banglore_best_property_portal/public/index.php')
